{"/home/cylus/Dev/travel/travelTools/web_client/src/App.vue": {"path":"/home/cylus/Dev/travel/travelTools/web_client/src/App.vue","all":false,"statementMap":{"0":{"start":{"line":1,"column":0},"end":{"line":1,"column":24}},"1":{"start":{"line":2,"column":0},"end":{"line":2,"column":47}},"2":{"start":{"line":3,"column":0},"end":{"line":3,"column":52}},"3":{"start":{"line":4,"column":0},"end":{"line":4,"column":57}},"4":{"start":{"line":5,"column":0},"end":{"line":5,"column":53}},"5":{"start":{"line":6,"column":0},"end":{"line":6,"column":0}},"6":{"start":{"line":7,"column":0},"end":{"line":7,"column":7}},"7":{"start":{"line":8,"column":0},"end":{"line":8,"column":9}},"8":{"start":{"line":9,"column":0},"end":{"line":9,"column":11}},"9":{"start":{"line":10,"column":0},"end":{"line":10,"column":10}},"10":{"start":{"line":11,"column":0},"end":{"line":11,"column":15}},"11":{"start":{"line":12,"column":0},"end":{"line":12,"column":14}},"12":{"start":{"line":13,"column":0},"end":{"line":13,"column":20}},"13":{"start":{"line":14,"column":0},"end":{"line":14,"column":10}},"14":{"start":{"line":15,"column":0},"end":{"line":15,"column":14}},"15":{"start":{"line":16,"column":0},"end":{"line":16,"column":17}},"16":{"start":{"line":17,"column":0},"end":{"line":17,"column":13}},"17":{"start":{"line":18,"column":0},"end":{"line":18,"column":20}},"18":{"start":{"line":19,"column":0},"end":{"line":19,"column":11}},"19":{"start":{"line":20,"column":0},"end":{"line":20,"column":15}},"20":{"start":{"line":21,"column":0},"end":{"line":21,"column":16}},"21":{"start":{"line":22,"column":0},"end":{"line":22,"column":0}},"22":{"start":{"line":23,"column":0},"end":{"line":23,"column":25}},"23":{"start":{"line":24,"column":0},"end":{"line":24,"column":0}},"24":{"start":{"line":25,"column":0},"end":{"line":25,"column":22}},"25":{"start":{"line":26,"column":0},"end":{"line":26,"column":39}},"26":{"start":{"line":27,"column":0},"end":{"line":27,"column":47}},"27":{"start":{"line":28,"column":0},"end":{"line":28,"column":47}},"28":{"start":{"line":29,"column":0},"end":{"line":29,"column":67}},"29":{"start":{"line":30,"column":0},"end":{"line":30,"column":2}},"30":{"start":{"line":31,"column":0},"end":{"line":31,"column":0}},"31":{"start":{"line":32,"column":0},"end":{"line":32,"column":17}},"32":{"start":{"line":33,"column":0},"end":{"line":33,"column":45}},"33":{"start":{"line":34,"column":0},"end":{"line":34,"column":2}},"34":{"start":{"line":35,"column":0},"end":{"line":35,"column":0}},"35":{"start":{"line":36,"column":0},"end":{"line":36,"column":43}},"36":{"start":{"line":37,"column":0},"end":{"line":37,"column":41}},"37":{"start":{"line":38,"column":0},"end":{"line":38,"column":22}},"38":{"start":{"line":39,"column":0},"end":{"line":39,"column":20}},"39":{"start":{"line":40,"column":0},"end":{"line":40,"column":29}},"40":{"start":{"line":41,"column":0},"end":{"line":41,"column":19}},"41":{"start":{"line":42,"column":0},"end":{"line":42,"column":2}},"42":{"start":{"line":43,"column":0},"end":{"line":43,"column":0}},"43":{"start":{"line":44,"column":0},"end":{"line":44,"column":36}},"44":{"start":{"line":45,"column":0},"end":{"line":45,"column":70}},"45":{"start":{"line":46,"column":0},"end":{"line":46,"column":3}},"46":{"start":{"line":47,"column":0},"end":{"line":47,"column":0}},"47":{"start":{"line":48,"column":0},"end":{"line":48,"column":39}},"48":{"start":{"line":49,"column":0},"end":{"line":49,"column":23}},"49":{"start":{"line":50,"column":0},"end":{"line":50,"column":60}},"50":{"start":{"line":51,"column":0},"end":{"line":51,"column":10}},"51":{"start":{"line":52,"column":0},"end":{"line":52,"column":3}},"52":{"start":{"line":53,"column":0},"end":{"line":53,"column":0}},"53":{"start":{"line":54,"column":0},"end":{"line":54,"column":16}},"54":{"start":{"line":55,"column":0},"end":{"line":55,"column":26}},"55":{"start":{"line":56,"column":0},"end":{"line":56,"column":26}},"56":{"start":{"line":57,"column":0},"end":{"line":57,"column":23}},"57":{"start":{"line":58,"column":0},"end":{"line":58,"column":2}},"58":{"start":{"line":59,"column":0},"end":{"line":59,"column":0}},"59":{"start":{"line":60,"column":0},"end":{"line":60,"column":17}},"60":{"start":{"line":61,"column":0},"end":{"line":61,"column":13}},"61":{"start":{"line":62,"column":0},"end":{"line":62,"column":3}},"62":{"start":{"line":63,"column":0},"end":{"line":63,"column":9}},"63":{"start":{"line":64,"column":0},"end":{"line":64,"column":0}},"64":{"start":{"line":65,"column":0},"end":{"line":65,"column":10}},"65":{"start":{"line":66,"column":0},"end":{"line":66,"column":9}},"66":{"start":{"line":67,"column":0},"end":{"line":67,"column":63}},"67":{"start":{"line":68,"column":0},"end":{"line":68,"column":93}},"68":{"start":{"line":69,"column":0},"end":{"line":69,"column":6}},"69":{"start":{"line":70,"column":0},"end":{"line":70,"column":53}},"70":{"start":{"line":71,"column":0},"end":{"line":71,"column":0}},"71":{"start":{"line":72,"column":0},"end":{"line":72,"column":27}},"72":{"start":{"line":73,"column":0},"end":{"line":73,"column":0}},"73":{"start":{"line":74,"column":0},"end":{"line":74,"column":49}},"74":{"start":{"line":75,"column":0},"end":{"line":75,"column":17}},"75":{"start":{"line":76,"column":0},"end":{"line":76,"column":31}},"76":{"start":{"line":77,"column":0},"end":{"line":77,"column":31}},"77":{"start":{"line":78,"column":0},"end":{"line":78,"column":27}},"78":{"start":{"line":79,"column":0},"end":{"line":79,"column":28}},"79":{"start":{"line":80,"column":0},"end":{"line":80,"column":22}},"80":{"start":{"line":81,"column":0},"end":{"line":81,"column":37}},"81":{"start":{"line":82,"column":0},"end":{"line":82,"column":32}},"82":{"start":{"line":83,"column":0},"end":{"line":83,"column":30}},"83":{"start":{"line":84,"column":0},"end":{"line":84,"column":20}},"84":{"start":{"line":85,"column":0},"end":{"line":85,"column":0}},"85":{"start":{"line":86,"column":0},"end":{"line":86,"column":17}},"86":{"start":{"line":87,"column":0},"end":{"line":87,"column":37}},"87":{"start":{"line":88,"column":0},"end":{"line":88,"column":26}},"88":{"start":{"line":89,"column":0},"end":{"line":89,"column":27}},"89":{"start":{"line":90,"column":0},"end":{"line":90,"column":28}},"90":{"start":{"line":91,"column":0},"end":{"line":91,"column":22}},"91":{"start":{"line":92,"column":0},"end":{"line":92,"column":37}},"92":{"start":{"line":93,"column":0},"end":{"line":93,"column":32}},"93":{"start":{"line":94,"column":0},"end":{"line":94,"column":30}},"94":{"start":{"line":95,"column":0},"end":{"line":95,"column":20}},"95":{"start":{"line":96,"column":0},"end":{"line":96,"column":12}},"96":{"start":{"line":97,"column":0},"end":{"line":97,"column":0}},"97":{"start":{"line":98,"column":0},"end":{"line":98,"column":82}},"98":{"start":{"line":99,"column":0},"end":{"line":99,"column":44}},"99":{"start":{"line":100,"column":0},"end":{"line":100,"column":88}},"100":{"start":{"line":101,"column":0},"end":{"line":101,"column":12}},"101":{"start":{"line":102,"column":0},"end":{"line":102,"column":16}},"102":{"start":{"line":103,"column":0},"end":{"line":103,"column":0}},"103":{"start":{"line":104,"column":0},"end":{"line":104,"column":54}},"104":{"start":{"line":105,"column":0},"end":{"line":105,"column":19}},"105":{"start":{"line":106,"column":0},"end":{"line":106,"column":33}},"106":{"start":{"line":107,"column":0},"end":{"line":107,"column":26}},"107":{"start":{"line":108,"column":0},"end":{"line":108,"column":28}},"108":{"start":{"line":109,"column":0},"end":{"line":109,"column":33}},"109":{"start":{"line":110,"column":0},"end":{"line":110,"column":35}},"110":{"start":{"line":111,"column":0},"end":{"line":111,"column":48}},"111":{"start":{"line":112,"column":0},"end":{"line":112,"column":24}},"112":{"start":{"line":113,"column":0},"end":{"line":113,"column":29}},"113":{"start":{"line":114,"column":0},"end":{"line":114,"column":8}},"114":{"start":{"line":115,"column":0},"end":{"line":115,"column":26}},"115":{"start":{"line":116,"column":0},"end":{"line":116,"column":0}},"116":{"start":{"line":117,"column":0},"end":{"line":117,"column":38}},"117":{"start":{"line":118,"column":0},"end":{"line":118,"column":62}},"118":{"start":{"line":119,"column":0},"end":{"line":119,"column":16}},"119":{"start":{"line":120,"column":0},"end":{"line":120,"column":29}},"120":{"start":{"line":121,"column":0},"end":{"line":121,"column":22}},"121":{"start":{"line":122,"column":0},"end":{"line":122,"column":36}},"122":{"start":{"line":123,"column":0},"end":{"line":123,"column":30}},"123":{"start":{"line":124,"column":0},"end":{"line":124,"column":28}},"124":{"start":{"line":125,"column":0},"end":{"line":125,"column":35}},"125":{"start":{"line":126,"column":0},"end":{"line":126,"column":19}},"126":{"start":{"line":127,"column":0},"end":{"line":127,"column":0}},"127":{"start":{"line":128,"column":0},"end":{"line":128,"column":19}},"128":{"start":{"line":129,"column":0},"end":{"line":129,"column":30}},"129":{"start":{"line":130,"column":0},"end":{"line":130,"column":34}},"130":{"start":{"line":131,"column":0},"end":{"line":131,"column":30}},"131":{"start":{"line":132,"column":0},"end":{"line":132,"column":28}},"132":{"start":{"line":133,"column":0},"end":{"line":133,"column":44}},"133":{"start":{"line":134,"column":0},"end":{"line":134,"column":56}},"134":{"start":{"line":135,"column":0},"end":{"line":135,"column":10}},"135":{"start":{"line":136,"column":0},"end":{"line":136,"column":20}},"136":{"start":{"line":137,"column":0},"end":{"line":137,"column":13}},"137":{"start":{"line":138,"column":0},"end":{"line":138,"column":10}},"138":{"start":{"line":139,"column":0},"end":{"line":139,"column":11}},"139":{"start":{"line":140,"column":0},"end":{"line":140,"column":0}},"140":{"start":{"line":141,"column":0},"end":{"line":141,"column":14}},"141":{"start":{"line":142,"column":0},"end":{"line":142,"column":42}},"142":{"start":{"line":143,"column":0},"end":{"line":143,"column":32}},"143":{"start":{"line":144,"column":0},"end":{"line":144,"column":1}},"144":{"start":{"line":145,"column":0},"end":{"line":145,"column":8}}},"s":{"0":1,"1":1,"2":1,"3":1,"4":1,"5":1,"6":1,"7":1,"8":1,"9":1,"10":1,"11":1,"12":1,"13":1,"14":1,"15":1,"16":1,"17":1,"18":1,"19":1,"20":1,"21":1,"22":1,"23":1,"24":1,"25":1,"26":1,"27":1,"28":1,"29":1,"30":1,"31":1,"32":1,"33":1,"34":1,"35":1,"36":6,"37":6,"38":6,"39":6,"40":6,"41":6,"42":1,"43":1,"44":6,"45":1,"46":1,"47":1,"48":6,"49":6,"50":0,"51":1,"52":1,"53":1,"54":1,"55":1,"56":1,"57":1,"58":1,"59":1,"60":7,"61":1,"62":1,"63":1,"64":1,"65":1,"66":1,"67":1,"68":1,"69":1,"70":1,"71":1,"72":1,"73":1,"74":1,"75":1,"76":1,"77":1,"78":1,"79":1,"80":1,"81":1,"82":1,"83":1,"84":1,"85":1,"86":1,"87":1,"88":1,"89":1,"90":1,"91":1,"92":1,"93":1,"94":1,"95":1,"96":1,"97":1,"98":12,"99":12,"100":1,"101":1,"102":1,"103":1,"104":1,"105":1,"106":1,"107":1,"108":1,"109":1,"110":1,"111":1,"112":1,"113":1,"114":1,"115":1,"116":1,"117":1,"118":1,"119":1,"120":1,"121":1,"122":1,"123":1,"124":1,"125":1,"126":1,"127":1,"128":1,"129":29,"130":29,"131":29,"132":29,"133":29,"134":1,"135":1,"136":1,"137":1,"138":1,"139":1,"140":1,"141":1,"142":1,"143":1,"144":1},"branchMap":{"0":{"type":"branch","line":36,"loc":{"start":{"line":36,"column":23},"end":{"line":42,"column":2}},"locations":[{"start":{"line":36,"column":23},"end":{"line":42,"column":2}}]},"1":{"type":"branch","line":44,"loc":{"start":{"line":44,"column":29},"end":{"line":46,"column":1}},"locations":[{"start":{"line":44,"column":29},"end":{"line":46,"column":1}}]},"2":{"type":"branch","line":45,"loc":{"start":{"line":45,"column":62},"end":{"line":45,"column":70}},"locations":[{"start":{"line":45,"column":62},"end":{"line":45,"column":70}}]},"3":{"type":"branch","line":48,"loc":{"start":{"line":48,"column":32},"end":{"line":52,"column":1}},"locations":[{"start":{"line":48,"column":32},"end":{"line":52,"column":1}}]},"4":{"type":"branch","line":50,"loc":{"start":{"line":50,"column":59},"end":{"line":51,"column":10}},"locations":[{"start":{"line":50,"column":59},"end":{"line":51,"column":10}}]},"5":{"type":"branch","line":60,"loc":{"start":{"line":60,"column":10},"end":{"line":62,"column":1}},"locations":[{"start":{"line":60,"column":10},"end":{"line":62,"column":1}}]},"6":{"type":"branch","line":68,"loc":{"start":{"line":68,"column":47},"end":{"line":68,"column":93}},"locations":[{"start":{"line":68,"column":47},"end":{"line":68,"column":93}}]},"7":{"type":"branch","line":76,"loc":{"start":{"line":76,"column":19},"end":{"line":76,"column":31}},"locations":[{"start":{"line":76,"column":19},"end":{"line":76,"column":31}}]},"8":{"type":"branch","line":87,"loc":{"start":{"line":87,"column":19},"end":{"line":87,"column":37}},"locations":[{"start":{"line":87,"column":19},"end":{"line":87,"column":37}}]},"9":{"type":"branch","line":98,"loc":{"start":{"line":98,"column":72},"end":{"line":100,"column":88}},"locations":[{"start":{"line":98,"column":72},"end":{"line":100,"column":88}}]},"10":{"type":"branch","line":100,"loc":{"start":{"line":100,"column":79},"end":{"line":100,"column":88}},"locations":[{"start":{"line":100,"column":79},"end":{"line":100,"column":88}}]},"11":{"type":"branch","line":70,"loc":{"start":{"line":70,"column":23},"end":{"line":70,"column":53}},"locations":[{"start":{"line":70,"column":23},"end":{"line":70,"column":53}}]},"12":{"type":"branch","line":70,"loc":{"start":{"line":70,"column":35},"end":{"line":70,"column":53}},"locations":[{"start":{"line":70,"column":35},"end":{"line":70,"column":53}}]},"13":{"type":"branch","line":106,"loc":{"start":{"line":106,"column":25},"end":{"line":106,"column":33}},"locations":[{"start":{"line":106,"column":25},"end":{"line":106,"column":33}}]},"14":{"type":"branch","line":125,"loc":{"start":{"line":125,"column":20},"end":{"line":125,"column":35}},"locations":[{"start":{"line":125,"column":20},"end":{"line":125,"column":35}}]},"15":{"type":"branch","line":129,"loc":{"start":{"line":129,"column":17},"end":{"line":134,"column":56}},"locations":[{"start":{"line":129,"column":17},"end":{"line":134,"column":56}}]},"16":{"type":"branch","line":133,"loc":{"start":{"line":133,"column":36},"end":{"line":133,"column":44}},"locations":[{"start":{"line":133,"column":36},"end":{"line":133,"column":44}}]},"17":{"type":"branch","line":134,"loc":{"start":{"line":134,"column":42},"end":{"line":134,"column":56}},"locations":[{"start":{"line":134,"column":42},"end":{"line":134,"column":56}}]},"18":{"type":"branch","line":134,"loc":{"start":{"line":134,"column":55},"end":{"line":134,"column":56}},"locations":[{"start":{"line":134,"column":55},"end":{"line":134,"column":56}}]}},"b":{"0":[6],"1":[6],"2":[0],"3":[6],"4":[0],"5":[7],"6":[7],"7":[7],"8":[7],"9":[12],"10":[15],"11":[27],"12":[7],"13":[7],"14":[29],"15":[29],"16":[7],"17":[7],"18":[2]},"fnMap":{"0":{"name":"formatCurrency","decl":{"start":{"line":36,"column":23},"end":{"line":42,"column":2}},"loc":{"start":{"line":36,"column":23},"end":{"line":42,"column":2}},"line":36},"1":{"name":"__vite_ssr_import_5__.createElementVNode.__vite_ssr_import_5__.createVNode.onUpdate:modelValue._cache.<computed>._cache.<computed>","decl":{"start":{"line":76,"column":19},"end":{"line":76,"column":31}},"loc":{"start":{"line":76,"column":19},"end":{"line":76,"column":31}},"line":76},"2":{"name":"__vite_ssr_import_5__.createElementVNode.__vite_ssr_import_5__.createVNode.onUpdate:modelValue._cache.<computed>._cache.<computed>","decl":{"start":{"line":87,"column":19},"end":{"line":87,"column":37}},"loc":{"start":{"line":87,"column":19},"end":{"line":87,"column":37}},"line":87},"3":{"name":"__vite_ssr_import_5__.createVNode.onUpdate:modelValue._cache.<computed>._cache.<computed>","decl":{"start":{"line":104,"column":34},"end":{"line":104,"column":42}},"loc":{"start":{"line":104,"column":34},"end":{"line":104,"column":42}},"line":104},"4":{"name":"__vite_ssr_import_5__.createVNode.onUpdate:filters._cache.<computed>._cache.<computed>","decl":{"start":{"line":106,"column":25},"end":{"line":106,"column":33}},"loc":{"start":{"line":106,"column":25},"end":{"line":106,"column":33}},"line":106},"5":{"name":"$setup.errorMessage.__vite_ssr_import_5__.createBlock.onUpdate:sortKey._cache.<computed>._cache.<computed>","decl":{"start":{"line":133,"column":36},"end":{"line":133,"column":44}},"loc":{"start":{"line":133,"column":36},"end":{"line":133,"column":44}},"line":133},"6":{"name":"$setup.errorMessage.__vite_ssr_import_5__.createBlock.onUpdate:sortDirection._cache.<computed>._cache.<computed>","decl":{"start":{"line":134,"column":42},"end":{"line":134,"column":56}},"loc":{"start":{"line":134,"column":42},"end":{"line":134,"column":56}},"line":134}},"f":{"0":6,"1":0,"2":0,"3":0,"4":0,"5":0,"6":0}}
,"/home/cylus/Dev/travel/travelTools/web_client/src/main.ts": {"path":"/home/cylus/Dev/travel/travelTools/web_client/src/main.ts","all":true,"statementMap":{"0":{"start":{"line":1,"column":0},"end":{"line":1,"column":32}},"1":{"start":{"line":2,"column":0},"end":{"line":2,"column":28}},"2":{"start":{"line":3,"column":0},"end":{"line":3,"column":21}},"3":{"start":{"line":4,"column":0},"end":{"line":4,"column":0}},"4":{"start":{"line":5,"column":0},"end":{"line":5,"column":24}},"5":{"start":{"line":6,"column":0},"end":{"line":6,"column":47}},"6":{"start":{"line":7,"column":0},"end":{"line":7,"column":40}},"7":{"start":{"line":8,"column":0},"end":{"line":8,"column":49}},"8":{"start":{"line":9,"column":0},"end":{"line":9,"column":49}},"9":{"start":{"line":10,"column":0},"end":{"line":10,"column":0}},"10":{"start":{"line":11,"column":0},"end":{"line":11,"column":31}},"11":{"start":{"line":12,"column":0},"end":{"line":12,"column":13}},"12":{"start":{"line":13,"column":0},"end":{"line":13,"column":13}},"13":{"start":{"line":14,"column":0},"end":{"line":14,"column":13}},"14":{"start":{"line":15,"column":0},"end":{"line":15,"column":64}},"15":{"start":{"line":16,"column":0},"end":{"line":16,"column":61}},"16":{"start":{"line":17,"column":0},"end":{"line":17,"column":28}},"17":{"start":{"line":18,"column":0},"end":{"line":18,"column":28}},"18":{"start":{"line":19,"column":0},"end":{"line":19,"column":4}},"19":{"start":{"line":20,"column":0},"end":{"line":20,"column":10}},"20":{"start":{"line":21,"column":0},"end":{"line":21,"column":26}},"21":{"start":{"line":22,"column":0},"end":{"line":22,"column":13}},"22":{"start":{"line":23,"column":0},"end":{"line":23,"column":14}},"23":{"start":{"line":24,"column":0},"end":{"line":24,"column":17}},"24":{"start":{"line":25,"column":0},"end":{"line":25,"column":29}},"25":{"start":{"line":26,"column":0},"end":{"line":26,"column":31}},"26":{"start":{"line":27,"column":0},"end":{"line":27,"column":29}},"27":{"start":{"line":28,"column":0},"end":{"line":28,"column":31}},"28":{"start":{"line":29,"column":0},"end":{"line":29,"column":9}},"29":{"start":{"line":30,"column":0},"end":{"line":30,"column":7}},"30":{"start":{"line":31,"column":0},"end":{"line":31,"column":5}},"31":{"start":{"line":32,"column":0},"end":{"line":32,"column":3}},"32":{"start":{"line":33,"column":0},"end":{"line":33,"column":3}},"33":{"start":{"line":34,"column":0},"end":{"line":34,"column":0}},"34":{"start":{"line":35,"column":0},"end":{"line":35,"column":42}}},"s":{"0":0,"1":0,"2":0,"3":0,"4":0,"5":0,"6":0,"7":0,"8":0,"9":0,"10":0,"11":0,"12":0,"13":0,"14":0,"15":0,"16":0,"17":0,"18":0,"19":0,"20":0,"21":0,"22":0,"23":0,"24":0,"25":0,"26":0,"27":0,"28":0,"29":0,"30":0,"31":0,"32":0,"33":0,"34":0},"branchMap":{"0":{"type":"branch","line":1,"loc":{"start":{"line":1,"column":0},"end":{"line":35,"column":-500}},"locations":[{"start":{"line":1,"column":0},"end":{"line":35,"column":-500}}]}},"b":{"0":[0]},"fnMap":{"0":{"name":"(empty-report)","decl":{"start":{"line":1,"column":0},"end":{"line":35,"column":-500}},"loc":{"start":{"line":1,"column":0},"end":{"line":35,"column":-500}},"line":1}},"f":{"0":0}}
,"/home/cylus/Dev/travel/travelTools/web_client/src/types.ts": {"path":"/home/cylus/Dev/travel/travelTools/web_client/src/types.ts","all":false,"statementMap":{"0":{"start":{"line":1,"column":0},"end":{"line":1,"column":25}},"1":{"start":{"line":2,"column":0},"end":{"line":2,"column":15}},"2":{"start":{"line":3,"column":0},"end":{"line":3,"column":24}},"3":{"start":{"line":4,"column":0},"end":{"line":4,"column":15}},"4":{"start":{"line":5,"column":0},"end":{"line":5,"column":31}},"5":{"start":{"line":6,"column":0},"end":{"line":6,"column":1}},"6":{"start":{"line":7,"column":0},"end":{"line":7,"column":0}},"7":{"start":{"line":8,"column":0},"end":{"line":8,"column":32}},"8":{"start":{"line":9,"column":0},"end":{"line":9,"column":24}},"9":{"start":{"line":10,"column":0},"end":{"line":10,"column":23}},"10":{"start":{"line":11,"column":0},"end":{"line":11,"column":24}},"11":{"start":{"line":12,"column":0},"end":{"line":12,"column":26}},"12":{"start":{"line":13,"column":0},"end":{"line":13,"column":32}},"13":{"start":{"line":14,"column":0},"end":{"line":14,"column":1}},"14":{"start":{"line":15,"column":0},"end":{"line":15,"column":0}},"15":{"start":{"line":16,"column":0},"end":{"line":16,"column":29}},"16":{"start":{"line":17,"column":0},"end":{"line":17,"column":14}},"17":{"start":{"line":18,"column":0},"end":{"line":18,"column":14}},"18":{"start":{"line":19,"column":0},"end":{"line":19,"column":14}},"19":{"start":{"line":20,"column":0},"end":{"line":20,"column":1}},"20":{"start":{"line":21,"column":0},"end":{"line":21,"column":0}},"21":{"start":{"line":22,"column":0},"end":{"line":22,"column":29}},"22":{"start":{"line":23,"column":0},"end":{"line":23,"column":20}},"23":{"start":{"line":24,"column":0},"end":{"line":24,"column":17}},"24":{"start":{"line":25,"column":0},"end":{"line":25,"column":24}},"25":{"start":{"line":26,"column":0},"end":{"line":26,"column":20}},"26":{"start":{"line":27,"column":0},"end":{"line":27,"column":33}},"27":{"start":{"line":28,"column":0},"end":{"line":28,"column":34}},"28":{"start":{"line":29,"column":0},"end":{"line":29,"column":40}},"29":{"start":{"line":30,"column":0},"end":{"line":30,"column":41}},"30":{"start":{"line":31,"column":0},"end":{"line":31,"column":32}},"31":{"start":{"line":32,"column":0},"end":{"line":32,"column":16}},"32":{"start":{"line":33,"column":0},"end":{"line":33,"column":22}},"33":{"start":{"line":34,"column":0},"end":{"line":34,"column":28}},"34":{"start":{"line":35,"column":0},"end":{"line":35,"column":28}},"35":{"start":{"line":36,"column":0},"end":{"line":36,"column":1}},"36":{"start":{"line":37,"column":0},"end":{"line":37,"column":0}},"37":{"start":{"line":38,"column":0},"end":{"line":38,"column":27}},"38":{"start":{"line":39,"column":0},"end":{"line":39,"column":13}},"39":{"start":{"line":40,"column":0},"end":{"line":40,"column":15}},"40":{"start":{"line":41,"column":0},"end":{"line":41,"column":15}},"41":{"start":{"line":42,"column":0},"end":{"line":42,"column":23}},"42":{"start":{"line":43,"column":0},"end":{"line":43,"column":31}},"43":{"start":{"line":44,"column":0},"end":{"line":44,"column":30}},"44":{"start":{"line":45,"column":0},"end":{"line":45,"column":34}},"45":{"start":{"line":46,"column":0},"end":{"line":46,"column":34}},"46":{"start":{"line":47,"column":0},"end":{"line":47,"column":28}},"47":{"start":{"line":48,"column":0},"end":{"line":48,"column":28}},"48":{"start":{"line":49,"column":0},"end":{"line":49,"column":29}},"49":{"start":{"line":50,"column":0},"end":{"line":50,"column":40}},"50":{"start":{"line":51,"column":0},"end":{"line":51,"column":41}},"51":{"start":{"line":52,"column":0},"end":{"line":52,"column":33}},"52":{"start":{"line":53,"column":0},"end":{"line":53,"column":34}},"53":{"start":{"line":54,"column":0},"end":{"line":54,"column":32}},"54":{"start":{"line":55,"column":0},"end":{"line":55,"column":33}},"55":{"start":{"line":56,"column":0},"end":{"line":56,"column":30}},"56":{"start":{"line":57,"column":0},"end":{"line":57,"column":26}},"57":{"start":{"line":58,"column":0},"end":{"line":58,"column":24}},"58":{"start":{"line":59,"column":0},"end":{"line":59,"column":25}},"59":{"start":{"line":60,"column":0},"end":{"line":60,"column":40}},"60":{"start":{"line":61,"column":0},"end":{"line":61,"column":1}},"61":{"start":{"line":62,"column":0},"end":{"line":62,"column":0}},"62":{"start":{"line":63,"column":0},"end":{"line":63,"column":30}},"63":{"start":{"line":64,"column":0},"end":{"line":64,"column":22}},"64":{"start":{"line":65,"column":0},"end":{"line":65,"column":17}},"65":{"start":{"line":66,"column":0},"end":{"line":66,"column":23}},"66":{"start":{"line":67,"column":0},"end":{"line":67,"column":17}},"67":{"start":{"line":68,"column":0},"end":{"line":68,"column":23}},"68":{"start":{"line":69,"column":0},"end":{"line":69,"column":1}},"69":{"start":{"line":70,"column":0},"end":{"line":70,"column":0}},"70":{"start":{"line":71,"column":0},"end":{"line":71,"column":28}},"71":{"start":{"line":72,"column":0},"end":{"line":72,"column":24}},"72":{"start":{"line":73,"column":0},"end":{"line":73,"column":21}},"73":{"start":{"line":74,"column":0},"end":{"line":74,"column":1}},"74":{"start":{"line":75,"column":0},"end":{"line":75,"column":0}},"75":{"start":{"line":76,"column":0},"end":{"line":76,"column":72}},"76":{"start":{"line":77,"column":0},"end":{"line":77,"column":43}},"77":{"start":{"line":78,"column":0},"end":{"line":78,"column":61}},"78":{"start":{"line":79,"column":0},"end":{"line":79,"column":48}},"79":{"start":{"line":80,"column":0},"end":{"line":80,"column":33}},"80":{"start":{"line":81,"column":0},"end":{"line":81,"column":23}},"81":{"start":{"line":82,"column":0},"end":{"line":82,"column":10}},"82":{"start":{"line":83,"column":0},"end":{"line":83,"column":11}},"83":{"start":{"line":84,"column":0},"end":{"line":84,"column":12}},"84":{"start":{"line":85,"column":0},"end":{"line":85,"column":13}},"85":{"start":{"line":86,"column":0},"end":{"line":86,"column":15}},"86":{"start":{"line":87,"column":0},"end":{"line":87,"column":15}},"87":{"start":{"line":88,"column":0},"end":{"line":88,"column":17}},"88":{"start":{"line":89,"column":0},"end":{"line":89,"column":17}},"89":{"start":{"line":90,"column":0},"end":{"line":90,"column":13}},"90":{"start":{"line":91,"column":0},"end":{"line":91,"column":16}},"91":{"start":{"line":92,"column":0},"end":{"line":92,"column":14}},"92":{"start":{"line":93,"column":0},"end":{"line":93,"column":15}},"93":{"start":{"line":94,"column":0},"end":{"line":94,"column":15}},"94":{"start":{"line":95,"column":0},"end":{"line":95,"column":17}},"95":{"start":{"line":96,"column":0},"end":{"line":96,"column":9}},"96":{"start":{"line":97,"column":0},"end":{"line":97,"column":15}},"97":{"start":{"line":98,"column":0},"end":{"line":98,"column":16}},"98":{"start":{"line":99,"column":0},"end":{"line":99,"column":0}},"99":{"start":{"line":100,"column":0},"end":{"line":100,"column":30}},"100":{"start":{"line":101,"column":0},"end":{"line":101,"column":17}},"101":{"start":{"line":102,"column":0},"end":{"line":102,"column":20}},"102":{"start":{"line":103,"column":0},"end":{"line":103,"column":10}},"103":{"start":{"line":104,"column":0},"end":{"line":104,"column":16}},"104":{"start":{"line":105,"column":0},"end":{"line":105,"column":16}},"105":{"start":{"line":106,"column":0},"end":{"line":106,"column":4}},"106":{"start":{"line":107,"column":0},"end":{"line":107,"column":28}},"107":{"start":{"line":108,"column":0},"end":{"line":108,"column":28}},"108":{"start":{"line":109,"column":0},"end":{"line":109,"column":22}},"109":{"start":{"line":110,"column":0},"end":{"line":110,"column":29}},"110":{"start":{"line":111,"column":0},"end":{"line":111,"column":19}},"111":{"start":{"line":112,"column":0},"end":{"line":112,"column":31}},"112":{"start":{"line":113,"column":0},"end":{"line":113,"column":1}},"113":{"start":{"line":114,"column":0},"end":{"line":114,"column":0}},"114":{"start":{"line":115,"column":0},"end":{"line":115,"column":23}},"115":{"start":{"line":116,"column":0},"end":{"line":116,"column":106}},"116":{"start":{"line":117,"column":0},"end":{"line":117,"column":77}},"117":{"start":{"line":118,"column":0},"end":{"line":118,"column":1}},"118":{"start":{"line":119,"column":0},"end":{"line":119,"column":0}},"119":{"start":{"line":120,"column":0},"end":{"line":120,"column":66}},"120":{"start":{"line":121,"column":0},"end":{"line":121,"column":54}},"121":{"start":{"line":122,"column":0},"end":{"line":122,"column":17}},"122":{"start":{"line":123,"column":0},"end":{"line":123,"column":3}},"123":{"start":{"line":124,"column":0},"end":{"line":124,"column":0}},"124":{"start":{"line":125,"column":0},"end":{"line":125,"column":29}},"125":{"start":{"line":126,"column":0},"end":{"line":126,"column":10}},"126":{"start":{"line":127,"column":0},"end":{"line":127,"column":33}},"127":{"start":{"line":128,"column":0},"end":{"line":128,"column":35}},"128":{"start":{"line":129,"column":0},"end":{"line":129,"column":20}},"129":{"start":{"line":130,"column":0},"end":{"line":130,"column":20}},"130":{"start":{"line":131,"column":0},"end":{"line":131,"column":30}},"131":{"start":{"line":132,"column":0},"end":{"line":132,"column":4}},"132":{"start":{"line":133,"column":0},"end":{"line":133,"column":1}}},"s":{"0":1,"1":1,"2":1,"3":1,"4":1,"5":1,"6":1,"7":1,"8":1,"9":1,"10":1,"11":1,"12":1,"13":1,"14":1,"15":1,"16":1,"17":1,"18":1,"19":1,"20":1,"21":1,"22":1,"23":1,"24":1,"25":1,"26":1,"27":1,"28":1,"29":1,"30":1,"31":1,"32":1,"33":1,"34":1,"35":1,"36":1,"37":1,"38":1,"39":1,"40":1,"41":1,"42":1,"43":1,"44":1,"45":1,"46":1,"47":1,"48":1,"49":1,"50":1,"51":1,"52":1,"53":1,"54":1,"55":1,"56":1,"57":1,"58":1,"59":1,"60":1,"61":1,"62":1,"63":1,"64":1,"65":1,"66":1,"67":1,"68":1,"69":1,"70":1,"71":1,"72":1,"73":1,"74":1,"75":1,"76":1,"77":1,"78":1,"79":1,"80":1,"81":1,"82":1,"83":1,"84":1,"85":1,"86":1,"87":1,"88":1,"89":1,"90":1,"91":1,"92":1,"93":1,"94":1,"95":1,"96":1,"97":1,"98":1,"99":1,"100":1,"101":1,"102":1,"103":1,"104":1,"105":1,"106":1,"107":1,"108":1,"109":1,"110":1,"111":1,"112":1,"113":1,"114":1,"115":1,"116":23,"117":23,"118":1,"119":1,"120":10,"121":4,"122":4,"123":6,"124":6,"125":6,"126":6,"127":5,"128":5,"129":4,"130":3,"131":10,"132":10},"branchMap":{"0":{"type":"branch","line":116,"loc":{"start":{"line":116,"column":7},"end":{"line":118,"column":1}},"locations":[{"start":{"line":116,"column":7},"end":{"line":118,"column":1}}]},"1":{"type":"branch","line":117,"loc":{"start":{"line":117,"column":34},"end":{"line":117,"column":77}},"locations":[{"start":{"line":117,"column":34},"end":{"line":117,"column":77}}]},"2":{"type":"branch","line":120,"loc":{"start":{"line":120,"column":7},"end":{"line":133,"column":1}},"locations":[{"start":{"line":120,"column":7},"end":{"line":133,"column":1}}]},"3":{"type":"branch","line":121,"loc":{"start":{"line":121,"column":24},"end":{"line":121,"column":53}},"locations":[{"start":{"line":121,"column":24},"end":{"line":121,"column":53}}]},"4":{"type":"branch","line":121,"loc":{"start":{"line":121,"column":53},"end":{"line":123,"column":3}},"locations":[{"start":{"line":121,"column":53},"end":{"line":123,"column":3}}]},"5":{"type":"branch","line":123,"loc":{"start":{"line":123,"column":2},"end":{"line":127,"column":33}},"locations":[{"start":{"line":123,"column":2},"end":{"line":127,"column":33}}]},"6":{"type":"branch","line":127,"loc":{"start":{"line":127,"column":22},"end":{"line":128,"column":35}},"locations":[{"start":{"line":127,"column":22},"end":{"line":128,"column":35}}]},"7":{"type":"branch","line":128,"loc":{"start":{"line":128,"column":24},"end":{"line":129,"column":20}},"locations":[{"start":{"line":128,"column":24},"end":{"line":129,"column":20}}]},"8":{"type":"branch","line":129,"loc":{"start":{"line":129,"column":16},"end":{"line":130,"column":20}},"locations":[{"start":{"line":129,"column":16},"end":{"line":130,"column":20}}]},"9":{"type":"branch","line":130,"loc":{"start":{"line":130,"column":16},"end":{"line":131,"column":30}},"locations":[{"start":{"line":130,"column":16},"end":{"line":131,"column":30}}]}},"b":{"0":[23],"1":[15],"2":[10],"3":[7],"4":[4],"5":[6],"6":[5],"7":[5],"8":[4],"9":[3]},"fnMap":{"0":{"name":"hasReviewSummary","decl":{"start":{"line":116,"column":7},"end":{"line":118,"column":1}},"loc":{"start":{"line":116,"column":7},"end":{"line":118,"column":1}},"line":116},"1":{"name":"isValidReview","decl":{"start":{"line":120,"column":7},"end":{"line":133,"column":1}},"loc":{"start":{"line":120,"column":7},"end":{"line":133,"column":1}},"line":120}},"f":{"0":23,"1":10}}
,"/home/cylus/Dev/travel/travelTools/web_client/src/components/HotelFilters.vue": {"path":"/home/cylus/Dev/travel/travelTools/web_client/src/components/HotelFilters.vue","all":false,"statementMap":{"0":{"start":{"line":1,"column":0},"end":{"line":1,"column":24}},"1":{"start":{"line":2,"column":0},"end":{"line":2,"column":67}},"2":{"start":{"line":3,"column":0},"end":{"line":3,"column":0}},"3":{"start":{"line":4,"column":0},"end":{"line":4,"column":13}},"4":{"start":{"line":5,"column":0},"end":{"line":5,"column":19}},"5":{"start":{"line":6,"column":0},"end":{"line":6,"column":41}},"6":{"start":{"line":7,"column":0},"end":{"line":7,"column":21}},"7":{"start":{"line":8,"column":0},"end":{"line":8,"column":26}},"8":{"start":{"line":9,"column":0},"end":{"line":9,"column":29}},"9":{"start":{"line":10,"column":0},"end":{"line":10,"column":33}},"10":{"start":{"line":11,"column":0},"end":{"line":11,"column":5}},"11":{"start":{"line":12,"column":0},"end":{"line":12,"column":0}},"12":{"start":{"line":13,"column":0},"end":{"line":13,"column":72}},"13":{"start":{"line":14,"column":0},"end":{"line":14,"column":0}},"14":{"start":{"line":15,"column":0},"end":{"line":15,"column":26}},"15":{"start":{"line":16,"column":0},"end":{"line":16,"column":21}},"16":{"start":{"line":17,"column":0},"end":{"line":17,"column":5}},"17":{"start":{"line":18,"column":0},"end":{"line":18,"column":0}},"18":{"start":{"line":19,"column":0},"end":{"line":19,"column":43}},"19":{"start":{"line":20,"column":0},"end":{"line":20,"column":41}},"20":{"start":{"line":21,"column":0},"end":{"line":21,"column":22}},"21":{"start":{"line":22,"column":0},"end":{"line":22,"column":20}},"22":{"start":{"line":23,"column":0},"end":{"line":23,"column":29}},"23":{"start":{"line":24,"column":0},"end":{"line":24,"column":19}},"24":{"start":{"line":25,"column":0},"end":{"line":25,"column":2}},"25":{"start":{"line":26,"column":0},"end":{"line":26,"column":0}},"26":{"start":{"line":27,"column":0},"end":{"line":27,"column":42}},"27":{"start":{"line":28,"column":0},"end":{"line":28,"column":35}},"28":{"start":{"line":29,"column":0},"end":{"line":29,"column":58}},"29":{"start":{"line":30,"column":0},"end":{"line":30,"column":41}},"30":{"start":{"line":31,"column":0},"end":{"line":31,"column":54}},"31":{"start":{"line":32,"column":0},"end":{"line":32,"column":35}},"32":{"start":{"line":33,"column":0},"end":{"line":33,"column":3}},"33":{"start":{"line":34,"column":0},"end":{"line":34,"column":2}},"34":{"start":{"line":35,"column":0},"end":{"line":35,"column":9}},"35":{"start":{"line":36,"column":0},"end":{"line":36,"column":0}},"36":{"start":{"line":37,"column":0},"end":{"line":37,"column":10}},"37":{"start":{"line":38,"column":0},"end":{"line":38,"column":36}},"38":{"start":{"line":39,"column":0},"end":{"line":39,"column":64}},"39":{"start":{"line":40,"column":0},"end":{"line":40,"column":55}},"40":{"start":{"line":41,"column":0},"end":{"line":41,"column":12}},"41":{"start":{"line":42,"column":0},"end":{"line":42,"column":22}},"42":{"start":{"line":43,"column":0},"end":{"line":43,"column":23}},"43":{"start":{"line":44,"column":0},"end":{"line":44,"column":20}},"44":{"start":{"line":45,"column":0},"end":{"line":45,"column":33}},"45":{"start":{"line":46,"column":0},"end":{"line":46,"column":30}},"46":{"start":{"line":47,"column":0},"end":{"line":47,"column":49}},"47":{"start":{"line":48,"column":0},"end":{"line":48,"column":7}},"48":{"start":{"line":49,"column":0},"end":{"line":49,"column":13}},"49":{"start":{"line":50,"column":0},"end":{"line":50,"column":14}},"50":{"start":{"line":51,"column":0},"end":{"line":51,"column":10}},"51":{"start":{"line":52,"column":0},"end":{"line":52,"column":0}},"52":{"start":{"line":53,"column":0},"end":{"line":53,"column":56}},"53":{"start":{"line":54,"column":0},"end":{"line":54,"column":68}},"54":{"start":{"line":55,"column":0},"end":{"line":55,"column":10}},"55":{"start":{"line":56,"column":0},"end":{"line":56,"column":0}},"56":{"start":{"line":57,"column":0},"end":{"line":57,"column":41}},"57":{"start":{"line":58,"column":0},"end":{"line":58,"column":19}},"58":{"start":{"line":59,"column":0},"end":{"line":59,"column":32}},"59":{"start":{"line":60,"column":0},"end":{"line":60,"column":32}},"60":{"start":{"line":61,"column":0},"end":{"line":61,"column":33}},"61":{"start":{"line":62,"column":0},"end":{"line":62,"column":42}},"62":{"start":{"line":63,"column":0},"end":{"line":63,"column":40}},"63":{"start":{"line":64,"column":0},"end":{"line":64,"column":26}},"64":{"start":{"line":65,"column":0},"end":{"line":65,"column":25}},"65":{"start":{"line":66,"column":0},"end":{"line":66,"column":20}},"66":{"start":{"line":67,"column":0},"end":{"line":67,"column":27}},"67":{"start":{"line":68,"column":0},"end":{"line":68,"column":26}},"68":{"start":{"line":69,"column":0},"end":{"line":69,"column":8}},"69":{"start":{"line":70,"column":0},"end":{"line":70,"column":0}},"70":{"start":{"line":71,"column":0},"end":{"line":71,"column":15}},"71":{"start":{"line":72,"column":0},"end":{"line":72,"column":35}},"72":{"start":{"line":73,"column":0},"end":{"line":73,"column":26}},"73":{"start":{"line":74,"column":0},"end":{"line":74,"column":17}},"74":{"start":{"line":75,"column":0},"end":{"line":75,"column":37}},"75":{"start":{"line":76,"column":0},"end":{"line":76,"column":42}},"76":{"start":{"line":77,"column":0},"end":{"line":77,"column":42}},"77":{"start":{"line":78,"column":0},"end":{"line":78,"column":41}},"78":{"start":{"line":79,"column":0},"end":{"line":79,"column":10}},"79":{"start":{"line":80,"column":0},"end":{"line":80,"column":26}},"80":{"start":{"line":81,"column":0},"end":{"line":81,"column":25}},"81":{"start":{"line":82,"column":0},"end":{"line":82,"column":20}},"82":{"start":{"line":83,"column":0},"end":{"line":83,"column":27}},"83":{"start":{"line":84,"column":0},"end":{"line":84,"column":26}},"84":{"start":{"line":85,"column":0},"end":{"line":85,"column":8}},"85":{"start":{"line":86,"column":0},"end":{"line":86,"column":0}},"86":{"start":{"line":87,"column":0},"end":{"line":87,"column":32}},"87":{"start":{"line":88,"column":0},"end":{"line":88,"column":21}},"88":{"start":{"line":89,"column":0},"end":{"line":89,"column":44}},"89":{"start":{"line":90,"column":0},"end":{"line":90,"column":31}},"90":{"start":{"line":91,"column":0},"end":{"line":91,"column":27}},"91":{"start":{"line":92,"column":0},"end":{"line":92,"column":23}},"92":{"start":{"line":93,"column":0},"end":{"line":93,"column":20}},"93":{"start":{"line":94,"column":0},"end":{"line":94,"column":29}},"94":{"start":{"line":95,"column":0},"end":{"line":95,"column":37}},"95":{"start":{"line":96,"column":0},"end":{"line":96,"column":28}},"96":{"start":{"line":97,"column":0},"end":{"line":97,"column":27}},"97":{"start":{"line":98,"column":0},"end":{"line":98,"column":22}},"98":{"start":{"line":99,"column":0},"end":{"line":99,"column":28}},"99":{"start":{"line":100,"column":0},"end":{"line":100,"column":10}},"100":{"start":{"line":101,"column":0},"end":{"line":101,"column":51}},"101":{"start":{"line":102,"column":0},"end":{"line":102,"column":21}},"102":{"start":{"line":103,"column":0},"end":{"line":103,"column":44}},"103":{"start":{"line":104,"column":0},"end":{"line":104,"column":31}},"104":{"start":{"line":105,"column":0},"end":{"line":105,"column":27}},"105":{"start":{"line":106,"column":0},"end":{"line":106,"column":23}},"106":{"start":{"line":107,"column":0},"end":{"line":107,"column":20}},"107":{"start":{"line":108,"column":0},"end":{"line":108,"column":29}},"108":{"start":{"line":109,"column":0},"end":{"line":109,"column":37}},"109":{"start":{"line":110,"column":0},"end":{"line":110,"column":28}},"110":{"start":{"line":111,"column":0},"end":{"line":111,"column":27}},"111":{"start":{"line":112,"column":0},"end":{"line":112,"column":22}},"112":{"start":{"line":113,"column":0},"end":{"line":113,"column":28}},"113":{"start":{"line":114,"column":0},"end":{"line":114,"column":10}},"114":{"start":{"line":115,"column":0},"end":{"line":115,"column":12}},"115":{"start":{"line":116,"column":0},"end":{"line":116,"column":0}},"116":{"start":{"line":117,"column":0},"end":{"line":117,"column":53}},"117":{"start":{"line":118,"column":0},"end":{"line":118,"column":92}},"118":{"start":{"line":119,"column":0},"end":{"line":119,"column":12}},"119":{"start":{"line":120,"column":0},"end":{"line":120,"column":0}},"120":{"start":{"line":121,"column":0},"end":{"line":121,"column":29}},"121":{"start":{"line":122,"column":0},"end":{"line":122,"column":0}},"122":{"start":{"line":123,"column":0},"end":{"line":123,"column":38}},"123":{"start":{"line":124,"column":0},"end":{"line":124,"column":19}},"124":{"start":{"line":125,"column":0},"end":{"line":125,"column":44}},"125":{"start":{"line":126,"column":0},"end":{"line":126,"column":35}},"126":{"start":{"line":127,"column":0},"end":{"line":127,"column":29}},"127":{"start":{"line":128,"column":0},"end":{"line":128,"column":27}},"128":{"start":{"line":129,"column":0},"end":{"line":129,"column":22}},"129":{"start":{"line":130,"column":0},"end":{"line":130,"column":37}},"130":{"start":{"line":131,"column":0},"end":{"line":131,"column":25}},"131":{"start":{"line":132,"column":0},"end":{"line":132,"column":10}},"132":{"start":{"line":133,"column":0},"end":{"line":133,"column":19}},"133":{"start":{"line":134,"column":0},"end":{"line":134,"column":44}},"134":{"start":{"line":135,"column":0},"end":{"line":135,"column":35}},"135":{"start":{"line":136,"column":0},"end":{"line":136,"column":29}},"136":{"start":{"line":137,"column":0},"end":{"line":137,"column":27}},"137":{"start":{"line":138,"column":0},"end":{"line":138,"column":22}},"138":{"start":{"line":139,"column":0},"end":{"line":139,"column":37}},"139":{"start":{"line":140,"column":0},"end":{"line":140,"column":25}},"140":{"start":{"line":141,"column":0},"end":{"line":141,"column":10}},"141":{"start":{"line":142,"column":0},"end":{"line":142,"column":19}},"142":{"start":{"line":143,"column":0},"end":{"line":143,"column":38}},"143":{"start":{"line":144,"column":0},"end":{"line":144,"column":29}},"144":{"start":{"line":145,"column":0},"end":{"line":145,"column":29}},"145":{"start":{"line":146,"column":0},"end":{"line":146,"column":27}},"146":{"start":{"line":147,"column":0},"end":{"line":147,"column":22}},"147":{"start":{"line":148,"column":0},"end":{"line":148,"column":34}},"148":{"start":{"line":149,"column":0},"end":{"line":149,"column":25}},"149":{"start":{"line":150,"column":0},"end":{"line":150,"column":10}},"150":{"start":{"line":151,"column":0},"end":{"line":151,"column":19}},"151":{"start":{"line":152,"column":0},"end":{"line":152,"column":45}},"152":{"start":{"line":153,"column":0},"end":{"line":153,"column":29}},"153":{"start":{"line":154,"column":0},"end":{"line":154,"column":29}},"154":{"start":{"line":155,"column":0},"end":{"line":155,"column":27}},"155":{"start":{"line":156,"column":0},"end":{"line":156,"column":22}},"156":{"start":{"line":157,"column":0},"end":{"line":157,"column":36}},"157":{"start":{"line":158,"column":0},"end":{"line":158,"column":25}},"158":{"start":{"line":159,"column":0},"end":{"line":159,"column":10}},"159":{"start":{"line":160,"column":0},"end":{"line":160,"column":12}},"160":{"start":{"line":161,"column":0},"end":{"line":161,"column":10}},"161":{"start":{"line":162,"column":0},"end":{"line":162,"column":8}},"162":{"start":{"line":163,"column":0},"end":{"line":163,"column":11}},"163":{"start":{"line":164,"column":0},"end":{"line":164,"column":0}},"164":{"start":{"line":165,"column":0},"end":{"line":165,"column":14}},"165":{"start":{"line":166,"column":0},"end":{"line":166,"column":15}},"166":{"start":{"line":167,"column":0},"end":{"line":167,"column":16}},"167":{"start":{"line":168,"column":0},"end":{"line":168,"column":38}},"168":{"start":{"line":169,"column":0},"end":{"line":169,"column":11}},"169":{"start":{"line":170,"column":0},"end":{"line":170,"column":22}},"170":{"start":{"line":171,"column":0},"end":{"line":171,"column":1}},"171":{"start":{"line":172,"column":0},"end":{"line":172,"column":8}}},"s":{"0":1,"1":1,"2":1,"3":1,"4":1,"5":1,"6":1,"7":1,"8":1,"9":1,"10":1,"11":1,"12":1,"13":1,"14":1,"15":1,"16":1,"17":1,"18":1,"19":30,"20":30,"21":30,"22":30,"23":30,"24":30,"25":1,"26":1,"27":1,"28":0,"29":0,"30":0,"31":0,"32":0,"33":0,"34":1,"35":1,"36":1,"37":1,"38":1,"39":1,"40":1,"41":1,"42":1,"43":1,"44":1,"45":1,"46":1,"47":1,"48":13,"49":13,"50":1,"51":1,"52":1,"53":1,"54":1,"55":1,"56":1,"57":1,"58":1,"59":1,"60":1,"61":1,"62":1,"63":1,"64":1,"65":1,"66":1,"67":1,"68":1,"69":1,"70":1,"71":1,"72":1,"73":1,"74":1,"75":1,"76":1,"77":1,"78":1,"79":1,"80":1,"81":1,"82":1,"83":1,"84":1,"85":1,"86":1,"87":1,"88":1,"89":1,"90":1,"91":1,"92":1,"93":1,"94":1,"95":1,"96":1,"97":1,"98":1,"99":1,"100":1,"101":1,"102":1,"103":1,"104":1,"105":1,"106":1,"107":1,"108":1,"109":1,"110":1,"111":1,"112":1,"113":1,"114":1,"115":1,"116":1,"117":1,"118":1,"119":1,"120":1,"121":1,"122":1,"123":1,"124":1,"125":1,"126":1,"127":1,"128":1,"129":1,"130":1,"131":1,"132":1,"133":1,"134":1,"135":1,"136":1,"137":1,"138":1,"139":1,"140":1,"141":1,"142":1,"143":1,"144":1,"145":1,"146":1,"147":1,"148":1,"149":1,"150":1,"151":1,"152":1,"153":1,"154":1,"155":1,"156":1,"157":1,"158":1,"159":1,"160":1,"161":1,"162":1,"163":1,"164":1,"165":1,"166":1,"167":1,"168":1,"169":1,"170":1,"171":1},"branchMap":{"0":{"type":"branch","line":19,"loc":{"start":{"line":19,"column":23},"end":{"line":25,"column":2}},"locations":[{"start":{"line":19,"column":23},"end":{"line":25,"column":2}}]},"1":{"type":"branch","line":46,"loc":{"start":{"line":46,"column":14},"end":{"line":46,"column":30}},"locations":[{"start":{"line":46,"column":14},"end":{"line":46,"column":30}}]},"2":{"type":"branch","line":47,"loc":{"start":{"line":47,"column":19},"end":{"line":47,"column":49}},"locations":[{"start":{"line":47,"column":19},"end":{"line":47,"column":49}}]},"3":{"type":"branch","line":59,"loc":{"start":{"line":59,"column":25},"end":{"line":59,"column":32}},"locations":[{"start":{"line":59,"column":25},"end":{"line":59,"column":32}}]},"4":{"type":"branch","line":72,"loc":{"start":{"line":72,"column":25},"end":{"line":72,"column":35}},"locations":[{"start":{"line":72,"column":25},"end":{"line":72,"column":35}}]},"5":{"type":"branch","line":89,"loc":{"start":{"line":89,"column":40},"end":{"line":89,"column":44}},"locations":[{"start":{"line":89,"column":40},"end":{"line":89,"column":44}}]},"6":{"type":"branch","line":101,"loc":{"start":{"line":101,"column":8},"end":{"line":101,"column":51}},"locations":[{"start":{"line":101,"column":8},"end":{"line":101,"column":51}}]},"7":{"type":"branch","line":103,"loc":{"start":{"line":103,"column":40},"end":{"line":103,"column":44}},"locations":[{"start":{"line":103,"column":40},"end":{"line":103,"column":44}}]},"8":{"type":"branch","line":125,"loc":{"start":{"line":125,"column":27},"end":{"line":125,"column":44}},"locations":[{"start":{"line":125,"column":27},"end":{"line":125,"column":44}}]},"9":{"type":"branch","line":134,"loc":{"start":{"line":134,"column":27},"end":{"line":134,"column":44}},"locations":[{"start":{"line":134,"column":27},"end":{"line":134,"column":44}}]},"10":{"type":"branch","line":143,"loc":{"start":{"line":143,"column":27},"end":{"line":143,"column":38}},"locations":[{"start":{"line":143,"column":27},"end":{"line":143,"column":38}}]},"11":{"type":"branch","line":152,"loc":{"start":{"line":152,"column":27},"end":{"line":152,"column":45}},"locations":[{"start":{"line":152,"column":27},"end":{"line":152,"column":45}}]},"12":{"type":"branch","line":46,"loc":{"start":{"line":46,"column":14},"end":{"line":46,"column":30}},"locations":[{"start":{"line":46,"column":14},"end":{"line":46,"column":30}}]},"13":{"type":"branch","line":49,"loc":{"start":{"line":49,"column":-1},"end":{"line":50,"column":14}},"locations":[{"start":{"line":49,"column":-1},"end":{"line":50,"column":14}}]},"14":{"type":"branch","line":50,"loc":{"start":{"line":50,"column":6},"end":{"line":50,"column":14}},"locations":[{"start":{"line":50,"column":6},"end":{"line":50,"column":14}}]},"15":{"type":"branch","line":59,"loc":{"start":{"line":59,"column":25},"end":{"line":59,"column":32}},"locations":[{"start":{"line":59,"column":25},"end":{"line":59,"column":32}}]},"16":{"type":"branch","line":125,"loc":{"start":{"line":125,"column":27},"end":{"line":125,"column":44}},"locations":[{"start":{"line":125,"column":27},"end":{"line":125,"column":44}}]},"17":{"type":"branch","line":152,"loc":{"start":{"line":152,"column":27},"end":{"line":152,"column":45}},"locations":[{"start":{"line":152,"column":27},"end":{"line":152,"column":45}}]}},"b":{"0":[30],"1":[10],"2":[14],"3":[10],"4":[10],"5":[10],"6":[10],"7":[10],"8":[10],"9":[10],"10":[10],"11":[10],"12":[1],"13":[13],"14":[10],"15":[2],"16":[1],"17":[1]},"fnMap":{"0":{"name":"formatCurrency","decl":{"start":{"line":19,"column":23},"end":{"line":25,"column":2}},"loc":{"start":{"line":19,"column":23},"end":{"line":25,"column":2}},"line":19},"1":{"name":"normalizePriceRange","decl":{"start":{"line":28,"column":28},"end":{"line":34,"column":2}},"loc":{"start":{"line":28,"column":28},"end":{"line":34,"column":2}},"line":28},"2":{"name":"$props.metadata.__vite_ssr_import_1__.createElementBlock.__vite_ssr_import_1__.createElementVNode.__vite_ssr_import_1__.createVNode.onClick._cache.<computed>._cache.<computed>","decl":{"start":{"line":46,"column":14},"end":{"line":46,"column":30}},"loc":{"start":{"line":46,"column":14},"end":{"line":46,"column":30}},"line":46},"3":{"name":"$props.metadata.__vite_ssr_import_1__.createElementBlock.__vite_ssr_import_1__.createElementVNode.__vite_ssr_import_1__.createVNode.onUpdate:modelValue._cache.<computed>._cache.<computed>","decl":{"start":{"line":59,"column":25},"end":{"line":59,"column":32}},"loc":{"start":{"line":59,"column":25},"end":{"line":59,"column":32}},"line":59},"4":{"name":"$props.metadata.__vite_ssr_import_1__.createElementBlock.__vite_ssr_import_1__.createElementVNode.__vite_ssr_import_1__.createVNode.onUpdate:modelValue._cache.<computed>._cache.<computed>","decl":{"start":{"line":72,"column":25},"end":{"line":72,"column":35}},"loc":{"start":{"line":72,"column":25},"end":{"line":72,"column":35}},"line":72},"5":{"name":"$props.metadata.__vite_ssr_import_1__.createElementBlock.__vite_ssr_import_1__.createElementVNode.__vite_ssr_import_1__.createElementVNode.__vite_ssr_import_1__.createVNode.onUpdate:modelValue._cache.<computed>._cache.<computed>","decl":{"start":{"line":89,"column":40},"end":{"line":89,"column":44}},"loc":{"start":{"line":89,"column":40},"end":{"line":89,"column":44}},"line":89},"6":{"name":"$props.metadata.__vite_ssr_import_1__.createElementBlock.__vite_ssr_import_1__.createElementVNode.__vite_ssr_import_1__.createElementVNode.__vite_ssr_import_1__.createVNode.onUpdate:modelValue._cache.<computed>._cache.<computed>","decl":{"start":{"line":103,"column":40},"end":{"line":103,"column":44}},"loc":{"start":{"line":103,"column":40},"end":{"line":103,"column":44}},"line":103},"7":{"name":"$props.metadata.__vite_ssr_import_1__.createElementBlock.__vite_ssr_import_1__.createElementVNode.__vite_ssr_import_1__.createElementVNode.__vite_ssr_import_1__.createVNode.onUpdate:modelValue._cache.<computed>._cache.<computed>","decl":{"start":{"line":125,"column":27},"end":{"line":125,"column":44}},"loc":{"start":{"line":125,"column":27},"end":{"line":125,"column":44}},"line":125},"8":{"name":"$props.metadata.__vite_ssr_import_1__.createElementBlock.__vite_ssr_import_1__.createElementVNode.__vite_ssr_import_1__.createElementVNode.__vite_ssr_import_1__.createVNode.onUpdate:modelValue._cache.<computed>._cache.<computed>","decl":{"start":{"line":134,"column":27},"end":{"line":134,"column":44}},"loc":{"start":{"line":134,"column":27},"end":{"line":134,"column":44}},"line":134},"9":{"name":"$props.metadata.__vite_ssr_import_1__.createElementBlock.__vite_ssr_import_1__.createElementVNode.__vite_ssr_import_1__.createElementVNode.__vite_ssr_import_1__.createVNode.onUpdate:modelValue._cache.<computed>._cache.<computed>","decl":{"start":{"line":143,"column":27},"end":{"line":143,"column":38}},"loc":{"start":{"line":143,"column":27},"end":{"line":143,"column":38}},"line":143},"10":{"name":"$props.metadata.__vite_ssr_import_1__.createElementBlock.__vite_ssr_import_1__.createElementVNode.__vite_ssr_import_1__.createElementVNode.__vite_ssr_import_1__.createVNode.onUpdate:modelValue._cache.<computed>._cache.<computed>","decl":{"start":{"line":152,"column":27},"end":{"line":152,"column":45}},"loc":{"start":{"line":152,"column":27},"end":{"line":152,"column":45}},"line":152}},"f":{"0":30,"1":0,"2":1,"3":2,"4":0,"5":0,"6":0,"7":1,"8":0,"9":0,"10":1}}
,"/home/cylus/Dev/travel/travelTools/web_client/src/components/HotelTable.vue": {"path":"/home/cylus/Dev/travel/travelTools/web_client/src/components/HotelTable.vue","all":false,"statementMap":{"0":{"start":{"line":1,"column":0},"end":{"line":1,"column":24}},"1":{"start":{"line":2,"column":0},"end":{"line":2,"column":26}},"2":{"start":{"line":3,"column":0},"end":{"line":3,"column":87}},"3":{"start":{"line":4,"column":0},"end":{"line":4,"column":44}},"4":{"start":{"line":5,"column":0},"end":{"line":5,"column":0}},"5":{"start":{"line":6,"column":0},"end":{"line":6,"column":27}},"6":{"start":{"line":7,"column":0},"end":{"line":7,"column":21}},"7":{"start":{"line":8,"column":0},"end":{"line":8,"column":41}},"8":{"start":{"line":9,"column":0},"end":{"line":9,"column":19}},"9":{"start":{"line":10,"column":0},"end":{"line":10,"column":5}},"10":{"start":{"line":11,"column":0},"end":{"line":11,"column":0}},"11":{"start":{"line":12,"column":0},"end":{"line":12,"column":68}},"12":{"start":{"line":13,"column":0},"end":{"line":13,"column":86}},"13":{"start":{"line":14,"column":0},"end":{"line":14,"column":0}},"14":{"start":{"line":15,"column":0},"end":{"line":15,"column":97}},"15":{"start":{"line":16,"column":0},"end":{"line":16,"column":67}},"16":{"start":{"line":17,"column":0},"end":{"line":17,"column":69}},"17":{"start":{"line":18,"column":0},"end":{"line":18,"column":72}},"18":{"start":{"line":19,"column":0},"end":{"line":19,"column":75}},"19":{"start":{"line":20,"column":0},"end":{"line":20,"column":73}},"20":{"start":{"line":21,"column":0},"end":{"line":21,"column":40}},"21":{"start":{"line":22,"column":0},"end":{"line":22,"column":39}},"22":{"start":{"line":23,"column":0},"end":{"line":23,"column":42}},"23":{"start":{"line":24,"column":0},"end":{"line":24,"column":41}},"24":{"start":{"line":25,"column":0},"end":{"line":25,"column":37}},"25":{"start":{"line":26,"column":0},"end":{"line":26,"column":40}},"26":{"start":{"line":27,"column":0},"end":{"line":27,"column":40}},"27":{"start":{"line":28,"column":0},"end":{"line":28,"column":41}},"28":{"start":{"line":29,"column":0},"end":{"line":29,"column":31}},"29":{"start":{"line":30,"column":0},"end":{"line":30,"column":38}},"30":{"start":{"line":31,"column":0},"end":{"line":31,"column":37}},"31":{"start":{"line":32,"column":0},"end":{"line":32,"column":3}},"32":{"start":{"line":33,"column":0},"end":{"line":33,"column":0}},"33":{"start":{"line":34,"column":0},"end":{"line":34,"column":42}},"34":{"start":{"line":35,"column":0},"end":{"line":35,"column":9}},"35":{"start":{"line":36,"column":0},"end":{"line":36,"column":10}},"36":{"start":{"line":37,"column":0},"end":{"line":37,"column":11}},"37":{"start":{"line":38,"column":0},"end":{"line":38,"column":12}},"38":{"start":{"line":39,"column":0},"end":{"line":39,"column":14}},"39":{"start":{"line":40,"column":0},"end":{"line":40,"column":12}},"40":{"start":{"line":41,"column":0},"end":{"line":41,"column":15}},"41":{"start":{"line":42,"column":0},"end":{"line":42,"column":14}},"42":{"start":{"line":43,"column":0},"end":{"line":43,"column":14}},"43":{"start":{"line":44,"column":0},"end":{"line":44,"column":14}},"44":{"start":{"line":45,"column":0},"end":{"line":45,"column":3}},"45":{"start":{"line":46,"column":0},"end":{"line":46,"column":0}},"46":{"start":{"line":47,"column":0},"end":{"line":47,"column":38}},"47":{"start":{"line":48,"column":0},"end":{"line":48,"column":30}},"48":{"start":{"line":49,"column":0},"end":{"line":49,"column":73}},"49":{"start":{"line":50,"column":0},"end":{"line":50,"column":10}},"50":{"start":{"line":51,"column":0},"end":{"line":51,"column":24}},"51":{"start":{"line":52,"column":0},"end":{"line":52,"column":32}},"52":{"start":{"line":53,"column":0},"end":{"line":53,"column":3}},"53":{"start":{"line":54,"column":0},"end":{"line":54,"column":2}},"54":{"start":{"line":55,"column":0},"end":{"line":55,"column":0}},"55":{"start":{"line":56,"column":0},"end":{"line":56,"column":39}},"56":{"start":{"line":57,"column":0},"end":{"line":57,"column":47}},"57":{"start":{"line":58,"column":0},"end":{"line":58,"column":86}},"58":{"start":{"line":59,"column":0},"end":{"line":59,"column":2}},"59":{"start":{"line":60,"column":0},"end":{"line":60,"column":0}},"60":{"start":{"line":61,"column":0},"end":{"line":61,"column":43}},"61":{"start":{"line":62,"column":0},"end":{"line":62,"column":41}},"62":{"start":{"line":63,"column":0},"end":{"line":63,"column":22}},"63":{"start":{"line":64,"column":0},"end":{"line":64,"column":20}},"64":{"start":{"line":65,"column":0},"end":{"line":65,"column":29}},"65":{"start":{"line":66,"column":0},"end":{"line":66,"column":19}},"66":{"start":{"line":67,"column":0},"end":{"line":67,"column":2}},"67":{"start":{"line":68,"column":0},"end":{"line":68,"column":0}},"68":{"start":{"line":69,"column":0},"end":{"line":69,"column":47}},"69":{"start":{"line":70,"column":0},"end":{"line":70,"column":58}},"70":{"start":{"line":71,"column":0},"end":{"line":71,"column":66}},"71":{"start":{"line":72,"column":0},"end":{"line":72,"column":68}},"72":{"start":{"line":73,"column":0},"end":{"line":73,"column":2}},"73":{"start":{"line":74,"column":0},"end":{"line":74,"column":0}},"74":{"start":{"line":75,"column":0},"end":{"line":75,"column":40}},"75":{"start":{"line":76,"column":0},"end":{"line":76,"column":56}},"76":{"start":{"line":77,"column":0},"end":{"line":77,"column":0}},"77":{"start":{"line":78,"column":0},"end":{"line":78,"column":42}},"78":{"start":{"line":79,"column":0},"end":{"line":79,"column":37}},"79":{"start":{"line":80,"column":0},"end":{"line":80,"column":36}},"80":{"start":{"line":81,"column":0},"end":{"line":81,"column":2}},"81":{"start":{"line":82,"column":0},"end":{"line":82,"column":9}},"82":{"start":{"line":83,"column":0},"end":{"line":83,"column":0}},"83":{"start":{"line":84,"column":0},"end":{"line":84,"column":10}},"84":{"start":{"line":85,"column":0},"end":{"line":85,"column":56}},"85":{"start":{"line":86,"column":0},"end":{"line":86,"column":41}},"86":{"start":{"line":87,"column":0},"end":{"line":87,"column":46}},"87":{"start":{"line":88,"column":0},"end":{"line":88,"column":47}},"88":{"start":{"line":89,"column":0},"end":{"line":89,"column":16}},"89":{"start":{"line":90,"column":0},"end":{"line":90,"column":29}},"90":{"start":{"line":91,"column":0},"end":{"line":91,"column":26}},"91":{"start":{"line":92,"column":0},"end":{"line":92,"column":40}},"92":{"start":{"line":93,"column":0},"end":{"line":93,"column":26}},"93":{"start":{"line":94,"column":0},"end":{"line":94,"column":24}},"94":{"start":{"line":95,"column":0},"end":{"line":95,"column":11}},"95":{"start":{"line":96,"column":0},"end":{"line":96,"column":19}},"96":{"start":{"line":97,"column":0},"end":{"line":97,"column":18}},"97":{"start":{"line":98,"column":0},"end":{"line":98,"column":19}},"98":{"start":{"line":99,"column":0},"end":{"line":99,"column":78}},"99":{"start":{"line":100,"column":0},"end":{"line":100,"column":21}},"100":{"start":{"line":101,"column":0},"end":{"line":101,"column":34}},"101":{"start":{"line":102,"column":0},"end":{"line":102,"column":26}},"102":{"start":{"line":103,"column":0},"end":{"line":103,"column":37}},"103":{"start":{"line":104,"column":0},"end":{"line":104,"column":28}},"104":{"start":{"line":105,"column":0},"end":{"line":105,"column":30}},"105":{"start":{"line":106,"column":0},"end":{"line":106,"column":29}},"106":{"start":{"line":107,"column":0},"end":{"line":107,"column":24}},"107":{"start":{"line":108,"column":0},"end":{"line":108,"column":27}},"108":{"start":{"line":109,"column":0},"end":{"line":109,"column":12}},"109":{"start":{"line":110,"column":0},"end":{"line":110,"column":17}},"110":{"start":{"line":111,"column":0},"end":{"line":111,"column":15}},"111":{"start":{"line":112,"column":0},"end":{"line":112,"column":10}},"112":{"start":{"line":113,"column":0},"end":{"line":113,"column":0}},"113":{"start":{"line":114,"column":0},"end":{"line":114,"column":57}},"114":{"start":{"line":115,"column":0},"end":{"line":115,"column":54}},"115":{"start":{"line":116,"column":0},"end":{"line":116,"column":15}},"116":{"start":{"line":117,"column":0},"end":{"line":117,"column":17}},"117":{"start":{"line":118,"column":0},"end":{"line":118,"column":16}},"118":{"start":{"line":119,"column":0},"end":{"line":119,"column":17}},"119":{"start":{"line":120,"column":0},"end":{"line":120,"column":38}},"120":{"start":{"line":121,"column":0},"end":{"line":121,"column":30}},"121":{"start":{"line":122,"column":0},"end":{"line":122,"column":58}},"122":{"start":{"line":123,"column":0},"end":{"line":123,"column":51}},"123":{"start":{"line":124,"column":0},"end":{"line":124,"column":85}},"124":{"start":{"line":125,"column":0},"end":{"line":125,"column":15}},"125":{"start":{"line":126,"column":0},"end":{"line":126,"column":40}},"126":{"start":{"line":127,"column":0},"end":{"line":127,"column":33}},"127":{"start":{"line":128,"column":0},"end":{"line":128,"column":25}},"128":{"start":{"line":129,"column":0},"end":{"line":129,"column":54}},"129":{"start":{"line":130,"column":0},"end":{"line":130,"column":52}},"130":{"start":{"line":131,"column":0},"end":{"line":131,"column":32}},"131":{"start":{"line":132,"column":0},"end":{"line":132,"column":37}},"132":{"start":{"line":133,"column":0},"end":{"line":133,"column":20}},"133":{"start":{"line":134,"column":0},"end":{"line":134,"column":22}},"134":{"start":{"line":135,"column":0},"end":{"line":135,"column":19}},"135":{"start":{"line":136,"column":0},"end":{"line":136,"column":17}},"136":{"start":{"line":137,"column":0},"end":{"line":137,"column":18}},"137":{"start":{"line":138,"column":0},"end":{"line":138,"column":17}},"138":{"start":{"line":139,"column":0},"end":{"line":139,"column":78}},"139":{"start":{"line":140,"column":0},"end":{"line":140,"column":75}},"140":{"start":{"line":141,"column":0},"end":{"line":141,"column":62}},"141":{"start":{"line":142,"column":0},"end":{"line":142,"column":62}},"142":{"start":{"line":143,"column":0},"end":{"line":143,"column":19}},"143":{"start":{"line":144,"column":0},"end":{"line":144,"column":77}},"144":{"start":{"line":145,"column":0},"end":{"line":145,"column":25}},"145":{"start":{"line":146,"column":0},"end":{"line":146,"column":49}},"146":{"start":{"line":147,"column":0},"end":{"line":147,"column":31}},"147":{"start":{"line":148,"column":0},"end":{"line":148,"column":35}},"148":{"start":{"line":149,"column":0},"end":{"line":149,"column":30}},"149":{"start":{"line":150,"column":0},"end":{"line":150,"column":26}},"150":{"start":{"line":151,"column":0},"end":{"line":151,"column":33}},"151":{"start":{"line":152,"column":0},"end":{"line":152,"column":18}},"152":{"start":{"line":153,"column":0},"end":{"line":153,"column":19}},"153":{"start":{"line":154,"column":0},"end":{"line":154,"column":79}},"154":{"start":{"line":155,"column":0},"end":{"line":155,"column":69}},"155":{"start":{"line":156,"column":0},"end":{"line":156,"column":43}},"156":{"start":{"line":157,"column":0},"end":{"line":157,"column":22}},"157":{"start":{"line":158,"column":0},"end":{"line":158,"column":51}},"158":{"start":{"line":159,"column":0},"end":{"line":159,"column":19}},"159":{"start":{"line":160,"column":0},"end":{"line":160,"column":81}},"160":{"start":{"line":161,"column":0},"end":{"line":161,"column":40}},"161":{"start":{"line":162,"column":0},"end":{"line":162,"column":19}},"162":{"start":{"line":163,"column":0},"end":{"line":163,"column":81}},"163":{"start":{"line":164,"column":0},"end":{"line":164,"column":40}},"164":{"start":{"line":165,"column":0},"end":{"line":165,"column":61}},"165":{"start":{"line":166,"column":0},"end":{"line":166,"column":22}},"166":{"start":{"line":167,"column":0},"end":{"line":167,"column":94}},"167":{"start":{"line":168,"column":0},"end":{"line":168,"column":63}},"168":{"start":{"line":169,"column":0},"end":{"line":169,"column":22}},"169":{"start":{"line":170,"column":0},"end":{"line":170,"column":19}},"170":{"start":{"line":171,"column":0},"end":{"line":171,"column":65}},"171":{"start":{"line":172,"column":0},"end":{"line":172,"column":18}},"172":{"start":{"line":173,"column":0},"end":{"line":173,"column":46}},"173":{"start":{"line":174,"column":0},"end":{"line":174,"column":47}},"174":{"start":{"line":175,"column":0},"end":{"line":175,"column":33}},"175":{"start":{"line":176,"column":0},"end":{"line":176,"column":35}},"176":{"start":{"line":177,"column":0},"end":{"line":177,"column":17}},"177":{"start":{"line":178,"column":0},"end":{"line":178,"column":64}},"178":{"start":{"line":179,"column":0},"end":{"line":179,"column":20}},"179":{"start":{"line":180,"column":0},"end":{"line":180,"column":19}},"180":{"start":{"line":181,"column":0},"end":{"line":181,"column":65}},"181":{"start":{"line":182,"column":0},"end":{"line":182,"column":85}},"182":{"start":{"line":183,"column":0},"end":{"line":183,"column":68}},"183":{"start":{"line":184,"column":0},"end":{"line":184,"column":20}},"184":{"start":{"line":185,"column":0},"end":{"line":185,"column":19}},"185":{"start":{"line":186,"column":0},"end":{"line":186,"column":81}},"186":{"start":{"line":187,"column":0},"end":{"line":187,"column":52}},"187":{"start":{"line":188,"column":0},"end":{"line":188,"column":24}},"188":{"start":{"line":189,"column":0},"end":{"line":189,"column":32}},"189":{"start":{"line":190,"column":0},"end":{"line":190,"column":35}},"190":{"start":{"line":191,"column":0},"end":{"line":191,"column":35}},"191":{"start":{"line":192,"column":0},"end":{"line":192,"column":44}},"192":{"start":{"line":193,"column":0},"end":{"line":193,"column":47}},"193":{"start":{"line":194,"column":0},"end":{"line":194,"column":46}},"194":{"start":{"line":195,"column":0},"end":{"line":195,"column":19}},"195":{"start":{"line":196,"column":0},"end":{"line":196,"column":32}},"196":{"start":{"line":197,"column":0},"end":{"line":197,"column":26}},"197":{"start":{"line":198,"column":0},"end":{"line":198,"column":22}},"198":{"start":{"line":199,"column":0},"end":{"line":199,"column":21}},"199":{"start":{"line":200,"column":0},"end":{"line":200,"column":24}},"200":{"start":{"line":201,"column":0},"end":{"line":201,"column":34}},"201":{"start":{"line":202,"column":0},"end":{"line":202,"column":53}},"202":{"start":{"line":203,"column":0},"end":{"line":203,"column":41}},"203":{"start":{"line":204,"column":0},"end":{"line":204,"column":17}},"204":{"start":{"line":205,"column":0},"end":{"line":205,"column":23}},"205":{"start":{"line":206,"column":0},"end":{"line":206,"column":23}},"206":{"start":{"line":207,"column":0},"end":{"line":207,"column":19}},"207":{"start":{"line":208,"column":0},"end":{"line":208,"column":64}},"208":{"start":{"line":209,"column":0},"end":{"line":209,"column":23}},"209":{"start":{"line":210,"column":0},"end":{"line":210,"column":41}},"210":{"start":{"line":211,"column":0},"end":{"line":211,"column":40}},"211":{"start":{"line":212,"column":0},"end":{"line":212,"column":39}},"212":{"start":{"line":213,"column":0},"end":{"line":213,"column":37}},"213":{"start":{"line":214,"column":0},"end":{"line":214,"column":18}},"214":{"start":{"line":215,"column":0},"end":{"line":215,"column":19}},"215":{"start":{"line":216,"column":0},"end":{"line":216,"column":62}},"216":{"start":{"line":217,"column":0},"end":{"line":217,"column":41}},"217":{"start":{"line":218,"column":0},"end":{"line":218,"column":19}},"218":{"start":{"line":219,"column":0},"end":{"line":219,"column":63}},"219":{"start":{"line":220,"column":0},"end":{"line":220,"column":91}},"220":{"start":{"line":221,"column":0},"end":{"line":221,"column":19}},"221":{"start":{"line":222,"column":0},"end":{"line":222,"column":63}},"222":{"start":{"line":223,"column":0},"end":{"line":223,"column":81}},"223":{"start":{"line":224,"column":0},"end":{"line":224,"column":19}},"224":{"start":{"line":225,"column":0},"end":{"line":225,"column":65}},"225":{"start":{"line":226,"column":0},"end":{"line":226,"column":49}},"226":{"start":{"line":227,"column":0},"end":{"line":227,"column":19}},"227":{"start":{"line":228,"column":0},"end":{"line":228,"column":57}},"228":{"start":{"line":229,"column":0},"end":{"line":229,"column":23}},"229":{"start":{"line":230,"column":0},"end":{"line":230,"column":44}},"230":{"start":{"line":231,"column":0},"end":{"line":231,"column":32}},"231":{"start":{"line":232,"column":0},"end":{"line":232,"column":42}},"232":{"start":{"line":233,"column":0},"end":{"line":233,"column":18}},"233":{"start":{"line":234,"column":0},"end":{"line":234,"column":19}},"234":{"start":{"line":235,"column":0},"end":{"line":235,"column":63}},"235":{"start":{"line":236,"column":0},"end":{"line":236,"column":97}},"236":{"start":{"line":237,"column":0},"end":{"line":237,"column":19}},"237":{"start":{"line":238,"column":0},"end":{"line":238,"column":63}},"238":{"start":{"line":239,"column":0},"end":{"line":239,"column":20}},"239":{"start":{"line":240,"column":0},"end":{"line":240,"column":44}},"240":{"start":{"line":241,"column":0},"end":{"line":241,"column":44}},"241":{"start":{"line":242,"column":0},"end":{"line":242,"column":37}},"242":{"start":{"line":243,"column":0},"end":{"line":243,"column":32}},"243":{"start":{"line":244,"column":0},"end":{"line":244,"column":18}},"244":{"start":{"line":245,"column":0},"end":{"line":245,"column":19}},"245":{"start":{"line":246,"column":0},"end":{"line":246,"column":17}},"246":{"start":{"line":247,"column":0},"end":{"line":247,"column":18}},"247":{"start":{"line":248,"column":0},"end":{"line":248,"column":16}},"248":{"start":{"line":249,"column":0},"end":{"line":249,"column":12}},"249":{"start":{"line":250,"column":0},"end":{"line":250,"column":38}},"250":{"start":{"line":251,"column":0},"end":{"line":251,"column":85}},"251":{"start":{"line":252,"column":0},"end":{"line":252,"column":32}},"252":{"start":{"line":253,"column":0},"end":{"line":253,"column":41}},"253":{"start":{"line":254,"column":0},"end":{"line":254,"column":12}},"254":{"start":{"line":255,"column":0},"end":{"line":255,"column":13}},"255":{"start":{"line":256,"column":0},"end":{"line":256,"column":0}},"256":{"start":{"line":257,"column":0},"end":{"line":257,"column":61}},"257":{"start":{"line":258,"column":0},"end":{"line":258,"column":84}},"258":{"start":{"line":259,"column":0},"end":{"line":259,"column":83}},"259":{"start":{"line":260,"column":0},"end":{"line":260,"column":81}},"260":{"start":{"line":261,"column":0},"end":{"line":261,"column":109}},"261":{"start":{"line":262,"column":0},"end":{"line":262,"column":23}},"262":{"start":{"line":263,"column":0},"end":{"line":263,"column":8}},"263":{"start":{"line":264,"column":0},"end":{"line":264,"column":34}},"264":{"start":{"line":265,"column":0},"end":{"line":265,"column":39}},"265":{"start":{"line":266,"column":0},"end":{"line":266,"column":50}},"266":{"start":{"line":267,"column":0},"end":{"line":267,"column":104}},"267":{"start":{"line":268,"column":0},"end":{"line":268,"column":79}},"268":{"start":{"line":269,"column":0},"end":{"line":269,"column":18}},"269":{"start":{"line":270,"column":0},"end":{"line":270,"column":61}},"270":{"start":{"line":271,"column":0},"end":{"line":271,"column":71}},"271":{"start":{"line":272,"column":0},"end":{"line":272,"column":16}},"272":{"start":{"line":273,"column":0},"end":{"line":273,"column":16}},"273":{"start":{"line":274,"column":0},"end":{"line":274,"column":0}},"274":{"start":{"line":275,"column":0},"end":{"line":275,"column":46}},"275":{"start":{"line":276,"column":0},"end":{"line":276,"column":0}},"276":{"start":{"line":277,"column":0},"end":{"line":277,"column":39}},"277":{"start":{"line":278,"column":0},"end":{"line":278,"column":50}},"278":{"start":{"line":279,"column":0},"end":{"line":279,"column":93}},"279":{"start":{"line":280,"column":0},"end":{"line":280,"column":93}},"280":{"start":{"line":281,"column":0},"end":{"line":281,"column":18}},"281":{"start":{"line":282,"column":0},"end":{"line":282,"column":48}},"282":{"start":{"line":283,"column":0},"end":{"line":283,"column":96}},"283":{"start":{"line":284,"column":0},"end":{"line":284,"column":27}},"284":{"start":{"line":285,"column":0},"end":{"line":285,"column":19}},"285":{"start":{"line":286,"column":0},"end":{"line":286,"column":17}},"286":{"start":{"line":287,"column":0},"end":{"line":287,"column":16}},"287":{"start":{"line":288,"column":0},"end":{"line":288,"column":0}},"288":{"start":{"line":289,"column":0},"end":{"line":289,"column":46}},"289":{"start":{"line":290,"column":0},"end":{"line":290,"column":0}},"290":{"start":{"line":291,"column":0},"end":{"line":291,"column":104}},"291":{"start":{"line":292,"column":0},"end":{"line":292,"column":50}},"292":{"start":{"line":293,"column":0},"end":{"line":293,"column":93}},"293":{"start":{"line":294,"column":0},"end":{"line":294,"column":90}},"294":{"start":{"line":295,"column":0},"end":{"line":295,"column":18}},"295":{"start":{"line":296,"column":0},"end":{"line":296,"column":47}},"296":{"start":{"line":297,"column":0},"end":{"line":297,"column":95}},"297":{"start":{"line":298,"column":0},"end":{"line":298,"column":27}},"298":{"start":{"line":299,"column":0},"end":{"line":299,"column":19}},"299":{"start":{"line":300,"column":0},"end":{"line":300,"column":17}},"300":{"start":{"line":301,"column":0},"end":{"line":301,"column":16}},"301":{"start":{"line":302,"column":0},"end":{"line":302,"column":0}},"302":{"start":{"line":303,"column":0},"end":{"line":303,"column":62}},"303":{"start":{"line":304,"column":0},"end":{"line":304,"column":74}},"304":{"start":{"line":305,"column":0},"end":{"line":305,"column":98}},"305":{"start":{"line":306,"column":0},"end":{"line":306,"column":16}},"306":{"start":{"line":307,"column":0},"end":{"line":307,"column":22}},"307":{"start":{"line":308,"column":0},"end":{"line":308,"column":15}},"308":{"start":{"line":309,"column":0},"end":{"line":309,"column":15}},"309":{"start":{"line":310,"column":0},"end":{"line":310,"column":8}},"310":{"start":{"line":311,"column":0},"end":{"line":311,"column":11}},"311":{"start":{"line":312,"column":0},"end":{"line":312,"column":0}},"312":{"start":{"line":313,"column":0},"end":{"line":313,"column":14}},"313":{"start":{"line":314,"column":0},"end":{"line":314,"column":13}},"314":{"start":{"line":315,"column":0},"end":{"line":315,"column":20}},"315":{"start":{"line":316,"column":0},"end":{"line":316,"column":19}},"316":{"start":{"line":317,"column":0},"end":{"line":317,"column":16}},"317":{"start":{"line":318,"column":0},"end":{"line":318,"column":25}},"318":{"start":{"line":319,"column":0},"end":{"line":319,"column":1}},"319":{"start":{"line":320,"column":0},"end":{"line":320,"column":0}},"320":{"start":{"line":321,"column":0},"end":{"line":321,"column":16}},"321":{"start":{"line":322,"column":0},"end":{"line":322,"column":19}},"322":{"start":{"line":323,"column":0},"end":{"line":323,"column":15}},"323":{"start":{"line":324,"column":0},"end":{"line":324,"column":1}},"324":{"start":{"line":325,"column":0},"end":{"line":325,"column":0}},"325":{"start":{"line":326,"column":0},"end":{"line":326,"column":7}},"326":{"start":{"line":327,"column":0},"end":{"line":327,"column":14}},"327":{"start":{"line":328,"column":0},"end":{"line":328,"column":28}},"328":{"start":{"line":329,"column":0},"end":{"line":329,"column":22}},"329":{"start":{"line":330,"column":0},"end":{"line":330,"column":1}},"330":{"start":{"line":331,"column":0},"end":{"line":331,"column":0}},"331":{"start":{"line":332,"column":0},"end":{"line":332,"column":4}},"332":{"start":{"line":333,"column":0},"end":{"line":333,"column":19}},"333":{"start":{"line":334,"column":0},"end":{"line":334,"column":16}},"334":{"start":{"line":335,"column":0},"end":{"line":335,"column":22}},"335":{"start":{"line":336,"column":0},"end":{"line":336,"column":14}},"336":{"start":{"line":337,"column":0},"end":{"line":337,"column":19}},"337":{"start":{"line":338,"column":0},"end":{"line":338,"column":35}},"338":{"start":{"line":339,"column":0},"end":{"line":339,"column":22}},"339":{"start":{"line":340,"column":0},"end":{"line":340,"column":19}},"340":{"start":{"line":341,"column":0},"end":{"line":341,"column":9}},"341":{"start":{"line":342,"column":0},"end":{"line":342,"column":13}},"342":{"start":{"line":343,"column":0},"end":{"line":343,"column":1}},"343":{"start":{"line":344,"column":0},"end":{"line":344,"column":0}},"344":{"start":{"line":345,"column":0},"end":{"line":345,"column":13}},"345":{"start":{"line":346,"column":0},"end":{"line":346,"column":18}},"346":{"start":{"line":347,"column":0},"end":{"line":347,"column":20}},"347":{"start":{"line":348,"column":0},"end":{"line":348,"column":1}},"348":{"start":{"line":349,"column":0},"end":{"line":349,"column":0}},"349":{"start":{"line":350,"column":0},"end":{"line":350,"column":19}},"350":{"start":{"line":351,"column":0},"end":{"line":351,"column":19}},"351":{"start":{"line":352,"column":0},"end":{"line":352,"column":1}},"352":{"start":{"line":353,"column":0},"end":{"line":353,"column":0}},"353":{"start":{"line":354,"column":0},"end":{"line":354,"column":13}},"354":{"start":{"line":355,"column":0},"end":{"line":355,"column":16}},"355":{"start":{"line":356,"column":0},"end":{"line":356,"column":22}},"356":{"start":{"line":357,"column":0},"end":{"line":357,"column":14}},"357":{"start":{"line":358,"column":0},"end":{"line":358,"column":1}},"358":{"start":{"line":359,"column":0},"end":{"line":359,"column":0}},"359":{"start":{"line":360,"column":0},"end":{"line":360,"column":4}},"360":{"start":{"line":361,"column":0},"end":{"line":361,"column":16}},"361":{"start":{"line":362,"column":0},"end":{"line":362,"column":35}},"362":{"start":{"line":363,"column":0},"end":{"line":363,"column":22}},"363":{"start":{"line":364,"column":0},"end":{"line":364,"column":1}},"364":{"start":{"line":365,"column":0},"end":{"line":365,"column":0}},"365":{"start":{"line":366,"column":0},"end":{"line":366,"column":13}},"366":{"start":{"line":367,"column":0},"end":{"line":367,"column":22}},"367":{"start":{"line":368,"column":0},"end":{"line":368,"column":1}},"368":{"start":{"line":369,"column":0},"end":{"line":369,"column":0}},"369":{"start":{"line":370,"column":0},"end":{"line":370,"column":13}},"370":{"start":{"line":371,"column":0},"end":{"line":371,"column":19}},"371":{"start":{"line":372,"column":0},"end":{"line":372,"column":17}},"372":{"start":{"line":373,"column":0},"end":{"line":373,"column":18}},"373":{"start":{"line":374,"column":0},"end":{"line":374,"column":1}},"374":{"start":{"line":375,"column":0},"end":{"line":375,"column":0}},"375":{"start":{"line":376,"column":0},"end":{"line":376,"column":13}},"376":{"start":{"line":377,"column":0},"end":{"line":377,"column":21}},"377":{"start":{"line":378,"column":0},"end":{"line":378,"column":14}},"378":{"start":{"line":379,"column":0},"end":{"line":379,"column":1}},"379":{"start":{"line":380,"column":0},"end":{"line":380,"column":0}},"380":{"start":{"line":381,"column":0},"end":{"line":381,"column":15}},"381":{"star
[...]
}},"98":{"start":{"line":99,"column":0},"end":{"line":99,"column":57}},"99":{"start":{"line":100,"column":0},"end":{"line":100,"column":21}},"100":{"start":{"line":101,"column":0},"end":{"line":101,"column":9}},"101":{"start":{"line":102,"column":0},"end":{"line":102,"column":5}},"102":{"start":{"line":103,"column":0},"end":{"line":103,"column":42}},"103":{"start":{"line":104,"column":0},"end":{"line":104,"column":56}},"104":{"start":{"line":105,"column":0},"end":{"line":105,"column":5}},"105":{"start":{"line":106,"column":0},"end":{"line":106,"column":0}},"106":{"start":{"line":107,"column":0},"end":{"line":107,"column":14}},"107":{"start":{"line":108,"column":0},"end":{"line":108,"column":27}},"108":{"start":{"line":109,"column":0},"end":{"line":109,"column":36}},"109":{"start":{"line":110,"column":0},"end":{"line":110,"column":36}},"110":{"start":{"line":111,"column":0},"end":{"line":111,"column":0}},"111":{"start":{"line":112,"column":0},"end":{"line":112,"column":38}},"112":{"start":{"line":113,"column":0},"end":{"line":113,"column":21}},"113":{"start":{"line":114,"column":0},"end":{"line":114,"column":35}},"114":{"start":{"line":115,"column":0},"end":{"line":115,"column":35}},"115":{"start":{"line":116,"column":0},"end":{"line":116,"column":16}},"116":{"start":{"line":117,"column":0},"end":{"line":117,"column":21}},"117":{"start":{"line":118,"column":0},"end":{"line":118,"column":30}},"118":{"start":{"line":119,"column":0},"end":{"line":119,"column":30}},"119":{"start":{"line":120,"column":0},"end":{"line":120,"column":16}},"120":{"start":{"line":121,"column":0},"end":{"line":121,"column":22}},"121":{"start":{"line":122,"column":0},"end":{"line":122,"column":38}},"122":{"start":{"line":123,"column":0},"end":{"line":123,"column":38}},"123":{"start":{"line":124,"column":0},"end":{"line":124,"column":16}},"124":{"start":{"line":125,"column":0},"end":{"line":125,"column":23}},"125":{"start":{"line":126,"column":0},"end":{"line":126,"column":37}},"126":{"start":{"line":127,"column":0},"end":{"line":127,"column":37}},"127":{"start":{"line":128,"column":0},"end":{"line":128,"column":16}},"128":{"start":{"line":129,"column":0},"end":{"line":129,"column":20}},"129":{"start":{"line":130,"column":0},"end":{"line":130,"column":24}},"130":{"start":{"line":131,"column":0},"end":{"line":131,"column":24}},"131":{"start":{"line":132,"column":0},"end":{"line":132,"column":16}},"132":{"start":{"line":133,"column":0},"end":{"line":133,"column":7}},"133":{"start":{"line":134,"column":0},"end":{"line":134,"column":0}},"134":{"start":{"line":135,"column":0},"end":{"line":135,"column":77}},"135":{"start":{"line":136,"column":0},"end":{"line":136,"column":77}},"136":{"start":{"line":137,"column":0},"end":{"line":137,"column":15}},"137":{"start":{"line":138,"column":0},"end":{"line":138,"column":7}},"138":{"start":{"line":139,"column":0},"end":{"line":139,"column":0}},"139":{"start":{"line":140,"column":0},"end":{"line":140,"column":18}},"140":{"start":{"line":141,"column":0},"end":{"line":141,"column":5}},"141":{"start":{"line":142,"column":0},"end":{"line":142,"column":0}},"142":{"start":{"line":143,"column":0},"end":{"line":143,"column":65}},"143":{"start":{"line":144,"column":0},"end":{"line":144,"column":0}},"144":{"start":{"line":145,"column":0},"end":{"line":145,"column":44}},"145":{"start":{"line":146,"column":0},"end":{"line":146,"column":12}},"146":{"start":{"line":147,"column":0},"end":{"line":147,"column":36}},"147":{"start":{"line":148,"column":0},"end":{"line":148,"column":36}},"148":{"start":{"line":149,"column":0},"end":{"line":149,"column":39}},"149":{"start":{"line":150,"column":0},"end":{"line":150,"column":39}},"150":{"start":{"line":151,"column":0},"end":{"line":151,"column":33}},"151":{"start":{"line":152,"column":0},"end":{"line":152,"column":40}},"152":{"start":{"line":153,"column":0},"end":{"line":153,"column":56}},"153":{"start":{"line":154,"column":0},"end":{"line":154,"column":53}},"154":{"start":{"line":155,"column":0},"end":{"line":155,"column":6}},"155":{"start":{"line":156,"column":0},"end":{"line":156,"column":5}},"156":{"start":{"line":157,"column":0},"end":{"line":157,"column":0}},"157":{"start":{"line":158,"column":0},"end":{"line":158,"column":30}},"158":{"start":{"line":159,"column":0},"end":{"line":159,"column":30}},"159":{"start":{"line":160,"column":0},"end":{"line":160,"column":32}},"160":{"start":{"line":161,"column":0},"end":{"line":161,"column":43}},"161":{"start":{"line":162,"column":0},"end":{"line":162,"column":43}},"162":{"start":{"line":163,"column":0},"end":{"line":163,"column":37}},"163":{"start":{"line":164,"column":0},"end":{"line":164,"column":44}},"164":{"start":{"line":165,"column":0},"end":{"line":165,"column":52}},"165":{"start":{"line":166,"column":0},"end":{"line":166,"column":52}},"166":{"start":{"line":167,"column":0},"end":{"line":167,"column":4}},"167":{"start":{"line":168,"column":0},"end":{"line":168,"column":0}},"168":{"start":{"line":169,"column":0},"end":{"line":169,"column":49}},"169":{"start":{"line":170,"column":0},"end":{"line":170,"column":15}},"170":{"start":{"line":171,"column":0},"end":{"line":171,"column":5}},"171":{"start":{"line":172,"column":0},"end":{"line":172,"column":0}},"172":{"start":{"line":173,"column":0},"end":{"line":173,"column":10}},"173":{"start":{"line":174,"column":0},"end":{"line":174,"column":11}},"174":{"start":{"line":175,"column":0},"end":{"line":175,"column":13}},"175":{"start":{"line":176,"column":0},"end":{"line":176,"column":12}},"176":{"start":{"line":177,"column":0},"end":{"line":177,"column":17}},"177":{"start":{"line":178,"column":0},"end":{"line":178,"column":16}},"178":{"start":{"line":179,"column":0},"end":{"line":179,"column":22}},"179":{"start":{"line":180,"column":0},"end":{"line":180,"column":12}},"180":{"start":{"line":181,"column":0},"end":{"line":181,"column":16}},"181":{"start":{"line":182,"column":0},"end":{"line":182,"column":19}},"182":{"start":{"line":183,"column":0},"end":{"line":183,"column":15}},"183":{"start":{"line":184,"column":0},"end":{"line":184,"column":22}},"184":{"start":{"line":185,"column":0},"end":{"line":185,"column":13}},"185":{"start":{"line":186,"column":0},"end":{"line":186,"column":17}},"186":{"start":{"line":187,"column":0},"end":{"line":187,"column":4}},"187":{"start":{"line":188,"column":0},"end":{"line":188,"column":1}}},"s":{"0":1,"1":1,"2":1,"3":1,"4":1,"5":13,"6":13,"7":13,"8":13,"9":13,"10":13,"11":13,"12":13,"13":13,"14":13,"15":13,"16":13,"17":13,"18":13,"19":13,"20":13,"21":13,"22":13,"23":13,"24":13,"25":13,"26":13,"27":13,"28":14,"29":14,"30":14,"31":14,"32":14,"33":14,"34":14,"35":14,"36":14,"37":14,"38":1,"39":1,"40":13,"41":13,"42":13,"43":13,"44":13,"45":13,"46":13,"47":13,"48":13,"49":13,"50":13,"51":13,"52":13,"53":13,"54":13,"55":13,"56":14,"57":1,"58":1,"59":1,"60":1,"61":14,"62":14,"63":14,"64":14,"65":13,"66":13,"67":20,"68":20,"69":20,"70":20,"71":1,"72":1,"73":1,"74":20,"75":20,"76":20,"77":20,"78":23,"79":23,"80":20,"81":20,"82":20,"83":20,"84":0,"85":0,"86":20,"87":20,"88":20,"89":1,"90":1,"91":20,"92":0,"93":0,"94":20,"95":0,"96":0,"97":0,"98":0,"99":0,"100":0,"101":0,"102":20,"103":1,"104":1,"105":20,"106":20,"107":20,"108":8,"109":8,"110":8,"111":8,"112":8,"113":8,"114":8,"115":8,"116":8,"117":0,"118":0,"119":0,"120":8,"121":0,"122":0,"123":0,"124":8,"125":0,"126":0,"127":0,"128":8,"129":0,"130":0,"131":0,"132":8,"133":8,"134":8,"135":0,"136":0,"137":20,"138":20,"139":20,"140":13,"141":13,"142":13,"143":13,"144":13,"145":16,"146":16,"147":15,"148":15,"149":14,"150":14,"151":14,"152":13,"153":13,"154":16,"155":13,"156":13,"157":13,"158":1,"159":1,"160":1,"161":1,"162":1,"163":1,"164":1,"165":1,"166":1,"167":13,"168":13,"169":1,"170":13,"171":13,"172":13,"173":13,"174":13,"175":13,"176":13,"177":13,"178":13,"179":13,"180":13,"181":13,"182":13,"183":13,"184":13,"185":13,"186":13,"187":13},"branchMap":{"0":{"type":"branch","line":5,"loc":{"start":{"line":5,"column":7},"end":{"line":188,"column":1}},"locations":[{"start":{"line":5,"column":7},"end":{"line":188,"column":1}}]},"1":{"type":"branch","line":28,"loc":{"start":{"line":28,"column":19},"end":{"line":65,"column":4}},"locations":[{"start":{"line":28,"column":19},"end":{"line":65,"column":4}}]},"2":{"type":"branch","line":34,"loc":{"start":{"line":34,"column":45},"end":{"line":34,"column":61}},"locations":[{"start":{"line":34,"column":45},"end":{"line":34,"column":61}}]},"3":{"type":"branch","line":38,"loc":{"start":{"line":38,"column":24},"end":{"line":40,"column":7}},"locations":[{"start":{"line":38,"column":24},"end":{"line":40,"column":7}}]},"4":{"type":"branch","line":40,"loc":{"start":{"line":40,"column":6},"end":{"line":56,"column":7}},"locations":[{"start":{"line":40,"column":6},"end":{"line":56,"column":7}}]},"5":{"type":"branch","line":57,"loc":{"start":{"line":57,"column":4},"end":{"line":62,"column":6}},"locations":[{"start":{"line":57,"column":4},"end":{"line":62,"column":6}}]},"6":{"type":"branch","line":59,"loc":{"start":{"line":59,"column":50},"end":{"line":59,"column":76}},"locations":[{"start":{"line":59,"column":50},"end":{"line":59,"column":76}}]},"7":{"type":"branch","line":47,"loc":{"start":{"line":47,"column":40},"end":{"line":47,"column":64}},"locations":[{"start":{"line":47,"column":40},"end":{"line":47,"column":64}}]},"8":{"type":"branch","line":51,"loc":{"start":{"line":51,"column":29},"end":{"line":51,"column":46}},"locations":[{"start":{"line":51,"column":29},"end":{"line":51,"column":46}}]},"9":{"type":"branch","line":67,"loc":{"start":{"line":67,"column":34},"end":{"line":141,"column":3}},"locations":[{"start":{"line":67,"column":34},"end":{"line":141,"column":3}}]},"10":{"type":"branch","line":71,"loc":{"start":{"line":71,"column":30},"end":{"line":74,"column":5}},"locations":[{"start":{"line":71,"column":30},"end":{"line":74,"column":5}}]},"11":{"type":"branch","line":84,"loc":{"start":{"line":84,"column":37},"end":{"line":86,"column":5}},"locations":[{"start":{"line":84,"column":37},"end":{"line":86,"column":5}}]},"12":{"type":"branch","line":89,"loc":{"start":{"line":89,"column":40},"end":{"line":91,"column":5}},"locations":[{"start":{"line":89,"column":40},"end":{"line":91,"column":5}}]},"13":{"type":"branch","line":92,"loc":{"start":{"line":92,"column":40},"end":{"line":94,"column":5}},"locations":[{"start":{"line":92,"column":40},"end":{"line":94,"column":5}}]},"14":{"type":"branch","line":95,"loc":{"start":{"line":95,"column":34},"end":{"line":102,"column":5}},"locations":[{"start":{"line":95,"column":34},"end":{"line":102,"column":5}}]},"15":{"type":"branch","line":103,"loc":{"start":{"line":103,"column":41},"end":{"line":105,"column":5}},"locations":[{"start":{"line":103,"column":41},"end":{"line":105,"column":5}}]},"16":{"type":"branch","line":73,"loc":{"start":{"line":73,"column":29},"end":{"line":73,"column":68}},"locations":[{"start":{"line":73,"column":29},"end":{"line":73,"column":68}}]},"17":{"type":"branch","line":78,"loc":{"start":{"line":78,"column":6},"end":{"line":80,"column":52}},"locations":[{"start":{"line":78,"column":6},"end":{"line":80,"column":52}}]},"18":{"type":"branch","line":90,"loc":{"start":{"line":90,"column":29},"end":{"line":90,"column":47}},"locations":[{"start":{"line":90,"column":29},"end":{"line":90,"column":47}}]},"19":{"type":"branch","line":104,"loc":{"start":{"line":104,"column":29},"end":{"line":104,"column":54}},"locations":[{"start":{"line":104,"column":29},"end":{"line":104,"column":54}}]},"20":{"type":"branch","line":108,"loc":{"start":{"line":108,"column":16},"end":{"line":138,"column":5}},"locations":[{"start":{"line":108,"column":16},"end":{"line":138,"column":5}}]},"21":{"type":"branch","line":117,"loc":{"start":{"line":117,"column":8},"end":{"line":120,"column":16}},"locations":[{"start":{"line":117,"column":8},"end":{"line":120,"column":16}}]},"22":{"type":"branch","line":121,"loc":{"start":{"line":121,"column":8},"end":{"line":124,"column":16}},"locations":[{"start":{"line":121,"column":8},"end":{"line":124,"column":16}}]},"23":{"type":"branch","line":125,"loc":{"start":{"line":125,"column":8},"end":{"line":128,"column":16}},"locations":[{"start":{"line":125,"column":8},"end":{"line":128,"column":16}}]},"24":{"type":"branch","line":129,"loc":{"start":{"line":129,"column":8},"end":{"line":132,"column":16}},"locations":[{"start":{"line":129,"column":8},"end":{"line":132,"column":16}}]},"25":{"type":"branch","line":135,"loc":{"start":{"line":135,"column":62},"end":{"line":135,"column":75}},"locations":[{"start":{"line":135,"column":62},"end":{"line":135,"column":75}}]},"26":{"type":"branch","line":135,"loc":{"start":{"line":135,"column":70},"end":{"line":135,"column":77}},"locations":[{"start":{"line":135,"column":70},"end":{"line":135,"column":77}}]},"27":{"type":"branch","line":135,"loc":{"start":{"line":135,"column":75},"end":{"line":137,"column":15}},"locations":[{"start":{"line":135,"column":75},"end":{"line":137,"column":15}}]},"28":{"type":"branch","line":143,"loc":{"start":{"line":143,"column":30},"end":{"line":143,"column":63}},"locations":[{"start":{"line":143,"column":30},"end":{"line":143,"column":63}}]},"29":{"type":"branch","line":145,"loc":{"start":{"line":145,"column":37},"end":{"line":156,"column":3}},"locations":[{"start":{"line":145,"column":37},"end":{"line":156,"column":3}}]},"30":{"type":"branch","line":147,"loc":{"start":{"line":147,"column":31},"end":{"line":148,"column":36}},"locations":[{"start":{"line":147,"column":31},"end":{"line":148,"column":36}}]},"31":{"type":"branch","line":148,"loc":{"start":{"line":148,"column":32},"end":{"line":149,"column":39}},"locations":[{"start":{"line":148,"column":32},"end":{"line":149,"column":39}}]},"32":{"type":"branch","line":149,"loc":{"start":{"line":149,"column":20},"end":{"line":150,"column":39}},"locations":[{"start":{"line":149,"column":20},"end":{"line":150,"column":39}}]},"33":{"type":"branch","line":150,"loc":{"start":{"line":150,"column":20},"end":{"line":151,"column":33}},"locations":[{"start":{"line":150,"column":20},"end":{"line":151,"column":33}}]},"34":{"type":"branch","line":151,"loc":{"start":{"line":151,"column":20},"end":{"line":152,"column":40}},"locations":[{"start":{"line":151,"column":20},"end":{"line":152,"column":40}}]},"35":{"type":"branch","line":152,"loc":{"start":{"line":152,"column":20},"end":{"line":153,"column":56}},"locations":[{"start":{"line":152,"column":20},"end":{"line":153,"column":56}}]},"36":{"type":"branch","line":153,"loc":{"start":{"line":153,"column":50},"end":{"line":154,"column":53}},"locations":[{"start":{"line":153,"column":50},"end":{"line":154,"column":53}}]},"37":{"type":"branch","line":158,"loc":{"start":{"line":158,"column":23},"end":{"line":167,"column":4}},"locations":[{"start":{"line":158,"column":23},"end":{"line":167,"column":4}}]},"38":{"type":"branch","line":169,"loc":{"start":{"line":169,"column":42},"end":{"line":171,"column":3}},"locations":[{"start":{"line":169,"column":42},"end":{"line":171,"column":3}}]}},"b":{"0":[13],"1":[14],"2":[0],"3":[1],"4":[13],"5":[1],"6":[0],"7":[26],"8":[26],"9":[20],"10":[1],"11":[0],"12":[1],"13":[0],"14":[0],"15":[1],"16":[2],"17":[23],"18":[2],"19":[2],"20":[8],"21":[0],"22":[0],"23":[0],"24":[0],"25":[7],"26":[1],"27":[0],"28":[17],"29":[16],"30":[15],"31":[15],"32":[14],"33":[14],"34":[14],"35":[13],"36":[13],"37":[1],"38":[1]},"fnMap":{"0":{"name":"useHotels","decl":{"start":{"line":5,"column":7},"end":{"line":188,"column":1}},"loc":{"start":{"line":5,"column":7},"end":{"line":188,"column":1}},"line":5},"1":{"name":"loadData","decl":{"start":{"line":28,"column":19},"end":{"line":65,"column":4}},"loc":{"start":{"line":28,"column":19},"end":{"line":65,"column":4}},"line":28},"2":{"name":"resetFilters","decl":{"start":{"line":158,"column":23},"end":{"line":167,"column":4}},"loc":{"start":{"line":158,"column":23},"end":{"line":167,"column":4}},"line":158}},"f":{"0":13,"1":14,"2":1}}
,"/home/cylus/Dev/travel/travelTools/web_client/src/utils/format.ts": {"path":"/home/cylus/Dev/travel/travelTools/web_client/src/utils/format.ts","all":true,"statementMap":{"0":{"start":{"line":1,"column":0},"end":{"line":1,"column":49}},"1":{"start":{"line":2,"column":0},"end":{"line":2,"column":20}},"2":{"start":{"line":3,"column":0},"end":{"line":3,"column":18}},"3":{"start":{"line":4,"column":0},"end":{"line":4,"column":26}},"4":{"start":{"line":5,"column":0},"end":{"line":5,"column":3}},"5":{"start":{"line":6,"column":0},"end":{"line":6,"column":0}},"6":{"start":{"line":7,"column":0},"end":{"line":7,"column":74}},"7":{"start":{"line":8,"column":0},"end":{"line":8,"column":57}},"8":{"start":{"line":9,"column":0},"end":{"line":9,"column":16}},"9":{"start":{"line":10,"column":0},"end":{"line":10,"column":3}},"10":{"start":{"line":11,"column":0},"end":{"line":11,"column":32}},"11":{"start":{"line":12,"column":0},"end":{"line":12,"column":1}},"12":{"start":{"line":13,"column":0},"end":{"line":13,"column":0}},"13":{"start":{"line":14,"column":0},"end":{"line":14,"column":72}},"14":{"start":{"line":15,"column":0},"end":{"line":15,"column":57}},"15":{"start":{"line":16,"column":0},"end":{"line":16,"column":15}},"16":{"start":{"line":17,"column":0},"end":{"line":17,"column":3}},"17":{"start":{"line":18,"column":0},"end":{"line":18,"column":26}},"18":{"start":{"line":19,"column":0},"end":{"line":19,"column":1}},"19":{"start":{"line":20,"column":0},"end":{"line":20,"column":0}},"20":{"start":{"line":21,"column":0},"end":{"line":21,"column":72}},"21":{"start":{"line":22,"column":0},"end":{"line":22,"column":57}},"22":{"start":{"line":23,"column":0},"end":{"line":23,"column":15}},"23":{"start":{"line":24,"column":0},"end":{"line":24,"column":3}},"24":{"start":{"line":25,"column":0},"end":{"line":25,"column":39}},"25":{"start":{"line":26,"column":0},"end":{"line":26,"column":1}},"26":{"start":{"line":27,"column":0},"end":{"line":27,"column":0}},"27":{"start":{"line":28,"column":0},"end":{"line":28,"column":51}},"28":{"start":{"line":29,"column":0},"end":{"line":29,"column":15}},"29":{"start":{"line":30,"column":0},"end":{"line":30,"column":26}},"30":{"start":{"line":31,"column":0},"end":{"line":31,"column":3}},"31":{"start":{"line":32,"column":0},"end":{"line":32,"column":56}},"32":{"start":{"line":33,"column":0},"end":{"line":33,"column":1}},"33":{"start":{"line":34,"column":0},"end":{"line":34,"column":0}},"34":{"start":{"line":35,"column":0},"end":{"line":35,"column":73}},"35":{"start":{"line":36,"column":0},"end":{"line":36,"column":62}},"36":{"start":{"line":37,"column":0},"end":{"line":37,"column":30}},"37":{"start":{"line":38,"column":0},"end":{"line":38,"column":1}},"38":{"start":{"line":39,"column":0},"end":{"line":39,"column":0}},"39":{"start":{"line":40,"column":0},"end":{"line":40,"column":75}},"40":{"start":{"line":41,"column":0},"end":{"line":41,"column":56}},"41":{"start":{"line":42,"column":0},"end":{"line":42,"column":24}},"42":{"start":{"line":43,"column":0},"end":{"line":43,"column":40}},"43":{"start":{"line":44,"column":0},"end":{"line":44,"column":33}},"44":{"start":{"line":45,"column":0},"end":{"line":45,"column":34}},"45":{"start":{"line":46,"column":0},"end":{"line":46,"column":17}},"46":{"start":{"line":47,"column":0},"end":{"line":47,"column":1}}},"s":{"0":0,"1":0,"2":0,"3":0,"4":0,"5":0,"6":0,"7":0,"8":0,"9":0,"10":0,"11":0,"12":0,"13":0,"14":0,"15":0,"16":0,"17":0,"18":0,"19":0,"20":0,"21":0,"22":0,"23":0,"24":0,"25":0,"26":0,"27":0,"28":0,"29":0,"30":0,"31":0,"32":0,"33":0,"34":0,"35":0,"36":0,"37":0,"38":0,"39":0,"40":0,"41":0,"42":0,"43":0,"44":0,"45":0,"46":0},"branchMap":{"0":{"type":"branch","line":1,"loc":{"start":{"line":1,"column":0},"end":{"line":47,"column":-321}},"locations":[{"start":{"line":1,"column":0},"end":{"line":47,"column":-321}}]}},"b":{"0":[0]},"fnMap":{"0":{"name":"(empty-report)","decl":{"start":{"line":1,"column":0},"end":{"line":47,"column":-321}},"loc":{"start":{"line":1,"column":0},"end":{"line":47,"column":-321}},"line":1}},"f":{"0":0}}
}
